{"ts":"2025-12-11T17:50:57.667Z","site":"index.js:login","tokenSample":"eyJhbGciOiJIUzI1NiIs...","payload":{"student_id":"S001","sapid":"50012023","course_id":"C_CS_SEM3","iat":1765475457,"exp":1765504257}}
{"ts":"2025-12-11T17:51:51.048Z","site":"index.js:login","tokenSample":"eyJhbGciOiJIUzI1NiIs...","payload":{"student_id":"S001","sapid":"50012023","course_id":"C_CS_SEM3","iat":1765475511,"exp":1765504311}}
{"ts":"2025-12-11T17:52:09.438Z","site":"index.js:login","tokenSample":"eyJhbGciOiJIUzI1NiIs...","payload":{"student_id":"S001","sapid":"50012023","course_id":"C_CS_SEM3","iat":1765475529,"exp":1765504329}}
{"ts":"2025-12-11T17:55:39.705Z","site":"index.js:login","tokenSample":"eyJhbGciOiJIUzI1NiIs...","payload":{"student_id":"S002","sapid":"50022023","course_id":"C_CS_SEM3","iat":1765475739,"exp":1765504539}}
{"ts":"2025-12-11T17:56:22.245Z","site":"index.js:login","tokenSample":"eyJhbGciOiJIUzI1NiIs...","payload":{"student_id":"S002","sapid":"50022023","course_id":"C_CS_SEM3","iat":1765475782,"exp":1765504582}}
{"ts":"2025-12-11T17:57:46.831Z","site":"index.js:login","tokenSample":"eyJhbGciOiJIUzI1NiIs...","payload":{"student_id":"S001","sapid":"50012023","course_id":"C_CS_SEM3","iat":1765475866,"exp":1765504666}}
{"ts":"2025-12-11T17:58:37.338Z","site":"index.js:login","tokenSample":"eyJhbGciOiJIUzI1NiIs...","payload":{"student_id":"S002","sapid":"50022023","course_id":"C_CS_SEM3","iat":1765475917,"exp":1765504717}}
{"ts":"2025-12-11T18:00:56.737Z","site":"index.js:login","tokenSample":"eyJhbGciOiJIUzI1NiIs...","payload":{"student_id":"S001","sapid":"50012023","course_id":"C_CS_SEM3","iat":1765476056,"exp":1765504856}}
{"ts":"2025-12-11T18:01:44.404Z","site":"index.js:login","tokenSample":"eyJhbGciOiJIUzI1NiIs...","payload":{"student_id":"S001","sapid":"50012023","course_id":"C_CS_SEM3","iat":1765476104,"exp":1765504904}}
{"ts":"2025-12-12T07:59:18.634Z","site":"index.js:login","tokenSample":"eyJhbGciOiJIUzI1NiIs...","payload":{"student_id":"S001","sapid":"50012023","course_id":"C_CS_SEM3","iat":1765526358,"exp":1765555158}}
{"ts":"2025-12-12T08:01:31.110Z","site":"index.js:login","tokenSample":"eyJhbGciOiJIUzI1NiIs...","payload":{"student_id":"S002","sapid":"50022023","course_id":"C_CS_SEM3","iat":1765526491,"exp":1765555291}}
{"ts":"2025-12-12T08:01:47.290Z","site":"index.js:login","tokenSample":"eyJhbGciOiJIUzI1NiIs...","payload":{"student_id":"S002","sapid":"50022023","course_id":"C_CS_SEM3","iat":1765526507,"exp":1765555307}}
{"ts":"2025-12-12T08:01:57.885Z","site":"index.js:login","tokenSample":"eyJhbGciOiJIUzI1NiIs...","payload":{"student_id":"S002","sapid":"50022023","course_id":"C_CS_SEM3","iat":1765526517,"exp":1765555317}}
{"ts":"2025-12-12T08:05:08.851Z","site":"index.js:login","tokenSample":"eyJhbGciOiJIUzI1NiIs...","payload":{"student_id":"S001","sapid":"50012023","course_id":"C_CS_SEM3","iat":1765526708,"exp":1765555508}}
{"ts":"2025-12-12T08:21:25.778Z","site":"index.js:login","tokenSample":"eyJhbGciOiJIUzI1NiIs...","payload":{"student_id":"S002","sapid":"50022023","course_id":"C_CS_SEM3","iat":1765527685,"exp":1765556485}}
{"ts":"2025-12-12T10:23:45.837Z","site":"index.js:login","tokenSample":"eyJhbGciOiJIUzI1NiIs...","payload":{"student_id":"S100","sapid":"90012023","course_id":"C_CS_SEM3","iat":1765535025,"exp":1765563825}}
{"ts":"2025-12-12T10:33:12.850Z","site":"index.js:login","tokenSample":"eyJhbGciOiJIUzI1NiIs...","payload":{"student_id":"S100","sapid":"90012023","course_id":"C_CS_SEM3","iat":1765535592,"exp":1765564392}}
{"ts":"2025-12-12T10:36:43.032Z","site":"index.js:login","tokenSample":"eyJhbGciOiJIUzI1NiIs...","payload":{"student_id":"S100","sapid":"90012023","course_id":"C_CS_SEM3","iat":1765535803,"exp":1765564603}}
{"ts":"2025-12-12T10:39:07.333Z","site":"index.js:login","tokenSample":"eyJhbGciOiJIUzI1NiIs...","payload":{"student_id":"S100","sapid":"90012023","course_id":"C_CS_SEM3","iat":1765535947,"exp":1765564747}}
{"ts":"2025-12-12T10:50:13.444Z","site":"index.js:login","tokenSample":"eyJhbGciOiJIUzI1NiIs...","payload":{"student_id":"S100","sapid":"90012023","course_id":"C_CS_SEM3","iat":1765536613,"exp":1765565413}}
{"ts":"2025-12-12T10:53:31.379Z","site":"index.js:login","tokenSample":"eyJhbGciOiJIUzI1NiIs...","payload":{"student_id":"S100","sapid":"90012023","course_id":"C_CS_SEM3","iat":1765536811,"exp":1765565611}}
{"ts":"2025-12-12T11:07:12.482Z","site":"index.js:login","tokenSample":"eyJhbGciOiJIUzI1NiIs...","payload":{"student_id":"S100","sapid":"90012023","course_id":"C_CS_SEM3","iat":1765537632,"exp":1765566432}}
{"ts":"2025-12-12T11:07:28.878Z","site":"index.js:login","tokenSample":"eyJhbGciOiJIUzI1NiIs...","payload":{"student_id":"S100","sapid":"90012023","course_id":"C_CS_SEM3","iat":1765537648,"exp":1765566448}}
{"ts":"2025-12-12T11:09:22.740Z","site":"index.js:login","tokenSample":"eyJhbGciOiJIUzI1NiIs...","payload":{"student_id":"S100","sapid":"90012023","course_id":"C_CS_SEM3","iat":1765537762,"exp":1765566562}}
{"ts":"2025-12-13T04:49:03.024Z","site":"index.js:login","tokenSample":"eyJhbGciOiJIUzI1NiIs...","payload":{"student_id":"S95872001","sapid":"95872001","course_id":"C_SOL_SEM6","iat":1765601343,"exp":1765630143}}
{"ts":"2025-12-13T05:06:01.848Z","site":"index.js:login","tokenSample":"eyJhbGciOiJIUzI1NiIs...","payload":{"student_id":"S95872001","sapid":"95872001","course_id":"C_SOL_SEM6","iat":1765602361,"exp":1765631161}}
{"ts":"2025-12-13T05:15:58.762Z","site":"index.js:login","tokenSample":"eyJhbGciOiJIUzI1NiIs...","payload":{"student_id":"S95872001","sapid":"95872001","course_id":"C_SOL_SEM6","iat":1765602958,"exp":1765631758}}
{"ts":"2025-12-13T05:16:15.091Z","site":"index.js:login","tokenSample":"eyJhbGciOiJIUzI1NiIs...","payload":{"student_id":"S95872001","sapid":"95872001","course_id":"C_SOL_SEM6","iat":1765602975,"exp":1765631775}}
{"ts":"2025-12-13T05:19:18.958Z","site":"index.js:login","tokenSample":"eyJhbGciOiJIUzI1NiIs...","payload":{"student_id":"S95872001","sapid":"95872001","course_id":"C_SOL_SEM6","iat":1765603158,"exp":1765631958}}
{"ts":"2025-12-13T05:19:46.559Z","site":"index.js:login","tokenSample":"eyJhbGciOiJIUzI1NiIs...","payload":{"student_id":"S100","sapid":"90012023","course_id":"C_CS_SEM3","iat":1765603186,"exp":1765631986}}
{"ts":"2025-12-13T05:19:57.856Z","site":"index.js:login","tokenSample":"eyJhbGciOiJIUzI1NiIs...","payload":{"student_id":"S100","sapid":"90012023","course_id":"C_CS_SEM3","iat":1765603197,"exp":1765631997}}
{"ts":"2025-12-13T05:20:47.391Z","site":"index.js:login","tokenSample":"eyJhbGciOiJIUzI1NiIs...","payload":{"student_id":"S100","sapid":"90012023","course_id":"C_CS_SEM3","iat":1765603247,"exp":1765632047}}
{"ts":"2025-12-13T05:21:29.081Z","site":"index.js:login","tokenSample":"eyJhbGciOiJIUzI1NiIs...","payload":{"student_id":"S100","sapid":"90012023","course_id":"C_CS_SEM3","iat":1765603289,"exp":1765632089}}
{"ts":"2025-12-13T05:21:39.602Z","site":"index.js:login","tokenSample":"eyJhbGciOiJIUzI1NiIs...","payload":{"student_id":"S95872001","sapid":"95872001","course_id":"C_SOL_SEM6","iat":1765603299,"exp":1765632099}}
{"ts":"2025-12-13T05:22:29.653Z","site":"index.js:login","tokenSample":"eyJhbGciOiJIUzI1NiIs...","payload":{"student_id":"S95872001","sapid":"95872001","course_id":"C_SOL_SEM6","iat":1765603349,"exp":1765632149}}
{"ts":"2025-12-13T05:23:21.154Z","site":"index.js:login","tokenSample":"eyJhbGciOiJIUzI1NiIs...","payload":{"student_id":"S95872001","sapid":"95872001","course_id":"C_SOL_SEM6","iat":1765603401,"exp":1765632201}}
{"ts":"2025-12-13T05:23:58.467Z","site":"index.js:login","tokenSample":"eyJhbGciOiJIUzI1NiIs...","payload":{"student_id":"S95872001","sapid":"95872001","course_id":"C_SOL_SEM6","iat":1765603438,"exp":1765632238}}
{"ts":"2025-12-13T05:26:17.646Z","site":"index.js:login","tokenSample":"eyJhbGciOiJIUzI1NiIs...","payload":{"student_id":"S95872001","sapid":"95872001","course_id":"C_SOL_SEM6","iat":1765603577,"exp":1765632377}}
{"ts":"2025-12-13T05:28:13.356Z","site":"index.js:login","tokenSample":"eyJhbGciOiJIUzI1NiIs...","payload":{"student_id":"S95872001","sapid":"95872001","course_id":"C_SOL_SEM6","iat":1765603693,"exp":1765632493}}
{"ts":"2025-12-13T05:28:35.636Z","site":"index.js:login","tokenSample":"eyJhbGciOiJIUzI1NiIs...","payload":{"student_id":"S95872001","sapid":"95872001","course_id":"C_SOL_SEM6","iat":1765603715,"exp":1765632515}}
{"ts":"2025-12-13T05:30:50.934Z","site":"index.js:login","tokenSample":"eyJhbGciOiJIUzI1NiIs...","payload":{"student_id":"S95872001","sapid":"95872001","course_id":"C_SOL_SEM6","iat":1765603850,"exp":1765632650}}
{"ts":"2025-12-13T05:31:03.896Z","site":"index.js:login","tokenSample":"eyJhbGciOiJIUzI1NiIs...","payload":{"student_id":"S95872001","sapid":"95872001","course_id":"C_SOL_SEM6","iat":1765603863,"exp":1765632663}}
{"ts":"2025-12-13T05:32:35.286Z","site":"index.js:login","tokenSample":"eyJhbGciOiJIUzI1NiIs...","payload":{"student_id":"S95872001","sapid":"95872001","course_id":"C_SOL_SEM6","iat":1765603955,"exp":1765632755}}
{"ts":"2025-12-13T05:34:02.789Z","site":"index.js:login","tokenSample":"eyJhbGciOiJIUzI1NiIs...","payload":{"student_id":"S95872001","sapid":"95872001","course_id":"C_SOL_SEM6","iat":1765604042,"exp":1765632842}}
{"ts":"2025-12-13T05:47:20.338Z","site":"index.js:login","tokenSample":"eyJhbGciOiJIUzI1NiIs...","payload":{"student_id":"S95872001","sapid":"95872001","course_id":"C_SOL_SEM2","iat":1765604840,"exp":1765633640}}
{"ts":"2025-12-13T05:48:31.245Z","site":"index.js:login","tokenSample":"eyJhbGciOiJIUzI1NiIs...","payload":{"student_id":"S100","sapid":"90012023","course_id":"C_CS_SEM3","iat":1765604911,"exp":1765633711}}
{"ts":"2025-12-13T06:06:00.541Z","site":"index.js:login","tokenSample":"eyJhbGciOiJIUzI1NiIs...","payload":{"student_id":"S95872001","sapid":"95872001","course_id":"C_SOL_SEM2","iat":1765605960,"exp":1765634760}}
{"ts":"2025-12-13T06:06:25.176Z","site":"index.js:login","tokenSample":"eyJhbGciOiJIUzI1NiIs...","payload":{"student_id":"S100","sapid":"90012023","course_id":"C_CS_SEM3","iat":1765605985,"exp":1765634785}}
{"ts":"2025-12-13T06:19:06.117Z","site":"index.js:login","tokenSample":"eyJhbGciOiJIUzI1NiIs...","payload":{"student_id":"S95872001","sapid":"95872001","course_id":"C_SOL_SEM2","iat":1765606746,"exp":1765635546}}
{"ts":"2025-12-13T06:19:42.472Z","site":"index.js:login","tokenSample":"eyJhbGciOiJIUzI1NiIs...","payload":{"student_id":"S100","sapid":"90012023","course_id":"C_CS_SEM3","iat":1765606782,"exp":1765635582}}
{"ts":"2025-12-13T06:21:52.561Z","site":"index.js:login","tokenSample":"eyJhbGciOiJIUzI1NiIs...","payload":{"student_id":"S100","sapid":"90012023","course_id":"C_CS_SEM3","iat":1765606912,"exp":1765635712}}
{"ts":"2025-12-13T06:24:13.141Z","site":"index.js:login","tokenSample":"eyJhbGciOiJIUzI1NiIs...","payload":{"student_id":"S95872001","sapid":"95872001","course_id":"C_SOL_SEM2","iat":1765607053,"exp":1765635853}}
{"ts":"2025-12-13T06:24:42.800Z","site":"index.js:login","tokenSample":"eyJhbGciOiJIUzI1NiIs...","payload":{"student_id":"S100","sapid":"90012023","course_id":"C_CS_SEM3","iat":1765607082,"exp":1765635882}}
{"ts":"2025-12-13T06:34:40.507Z","site":"index.js:login","tokenSample":"eyJhbGciOiJIUzI1NiIs...","payload":{"student_id":"S102","sapid":"90032023","course_id":"C_PHAR_SEM3","iat":1765607680,"exp":1765636480}}
{"ts":"2025-12-13T06:36:50.354Z","site":"index.js:login","tokenSample":"eyJhbGciOiJIUzI1NiIs...","payload":{"student_id":"S102","sapid":"90032023","course_id":"C_PHAR_SEM3","iat":1765607810,"exp":1765636610}}
{"ts":"2025-12-13T06:53:47.063Z","site":"index.js:login","tokenSample":"eyJhbGciOiJIUzI1NiIs...","payload":{"student_id":"S100","sapid":"90012023","course_id":"C_CS_SEM3","iat":1765608827,"exp":1765637627}}
{"ts":"2025-12-13T06:54:12.278Z","site":"index.js:login","tokenSample":"eyJhbGciOiJIUzI1NiIs...","payload":{"student_id":"S95872001","sapid":"95872001","course_id":"C_SOL_SEM2","iat":1765608852,"exp":1765637652}}
{"ts":"2025-12-13T06:56:22.382Z","site":"index.js:login","tokenSample":"eyJhbGciOiJIUzI1NiIs...","payload":{"student_id":"S101","sapid":"90022023","course_id":"C_CS_SEM3","iat":1765608982,"exp":1765637782}}
{"ts":"2025-12-13T06:56:51.301Z","site":"index.js:login","tokenSample":"eyJhbGciOiJIUzI1NiIs...","payload":{"student_id":"S104","sapid":"90052023","course_id":"C_SOL_SEM1","iat":1765609011,"exp":1765637811}}
{"ts":"2025-12-13T07:03:22.330Z","site":"index.js:login","tokenSample":"eyJhbGciOiJIUzI1NiIs...","payload":{"student_id":"S103","sapid":"90042023","name":"Riya Mehta","program":"mba","year":1,"semester":1,"course_id":"C_MBA_SEM1","iat":1765609402,"exp":1765638202}}
{"ts":"2025-12-13T07:06:43.513Z","site":"index.js:login","tokenSample":"eyJhbGciOiJIUzI1NiIs...","payload":{"student_id":"S103","sapid":"90042023","name":"Riya Mehta","program":"mba","year":1,"semester":1,"course_id":"C_MBA_SEM1","iat":1765609603,"exp":1765638403}}
{"ts":"2025-12-13T07:14:27.982Z","site":"index.js:login","tokenSample":"eyJhbGciOiJIUzI1NiIs...","payload":{"student_id":"S103","sapid":"90042023","name":"Riya Mehta","program":"mba","year":1,"semester":1,"course_id":"C_MBA_SEM1","iat":1765610067,"exp":1765638867}}
{"ts":"2025-12-13T07:21:54.980Z","site":"index.js:login","tokenSample":"eyJhbGciOiJIUzI1NiIs...","payload":{"student_id":"S103","sapid":"90042023","name":"Riya Mehta","program":"mba","year":1,"semester":1,"course_id":"C_MBA_SEM1","iat":1765610514,"exp":1765639314}}
{"ts":"2025-12-13T07:22:29.297Z","site":"index.js:login","tokenSample":"eyJhbGciOiJIUzI1NiIs...","payload":{"student_id":"S95872001","sapid":"95872001","name":"MANYA","program":"law","year":1,"semester":1,"course_id":"C_SOL_SEM2","iat":1765610549,"exp":1765639349}}
{"ts":"2025-12-13T07:27:47.482Z","site":"index.js:login","tokenSample":"eyJhbGciOiJIUzI1NiIs...","payload":{"student_id":"S104","sapid":"90052023","name":"Kabir Sethi","program":"law","year":1,"semester":1,"course_id":"C_SOL_SEM1","iat":1765610867,"exp":1765639667}}
{"ts":"2025-12-13T07:32:00.421Z","site":"index.js:login","tokenSample":"eyJhbGciOiJIUzI1NiIs...","payload":{"student_id":"S105","sapid":"90062023","name":"Ananya Gupta","program":"engineering","year":1,"semester":1,"course_id":"C_IT_SEM5","iat":1765611120,"exp":1765639920}}
{"ts":"2025-12-13T07:40:47.271Z","site":"index.js:login","tokenSample":"eyJhbGciOiJIUzI1NiIs...","payload":{"student_id":"S100","sapid":"90012023","name":"Aarav Patel","program":"engineering","year":1,"semester":1,"course_id":"C_CS_SEM3","iat":1765611647,"exp":1765640447}}
{"ts":"2025-12-13T07:57:09.113Z","site":"index.js:login","tokenSample":"eyJhbGciOiJIUzI1NiIs...","payload":{"student_id":"S90020073","sapid":"90020073","name":"Law","program":"law","year":2,"semester":1,"course_id":"DEFAULT_COURSE","iat":1765612629,"exp":1765641429}}
{"ts":"2025-12-13T08:05:34.324Z","site":"index.js:login","tokenSample":"eyJhbGciOiJIUzI1NiIs...","payload":{"student_id":"S95872001","sapid":"95872001","name":"MANYA","program":"law","year":1,"semester":1,"course_id":"C_SOL_SEM2","iat":1765613134,"exp":1765641934}}
{"ts":"2025-12-13T08:32:02.962Z","site":"index.js:login","tokenSample":"eyJhbGciOiJIUzI1NiIs...","payload":{"student_id":"S95872001","sapid":"95872001","name":"MANYA","program":"law","year":1,"semester":1,"course_id":"C_SOL_SEM2","iat":1765614722,"exp":1765643522}}
{"ts":"2025-12-13T09:03:27.416Z","site":"index.js:login","tokenSample":"eyJhbGciOiJIUzI1NiIs...","payload":{"student_id":"S95872001","sapid":"95872001","name":"MANYA","program":"law","year":1,"semester":1,"course_id":"C_SOL_SEM2","iat":1765616607,"exp":1765645407}}
{"ts":"2025-12-13T10:58:15.563Z","site":"index.js:login","tokenSample":"eyJhbGciOiJIUzI1NiIs...","payload":{"student_id":"S95872001","sapid":"95872001","name":"MANYA","program":"law","year":1,"semester":1,"course_id":"C_SOL_SEM2","iat":1765623495,"exp":1765652295}}
{"ts":"2025-12-13T11:39:28.490Z","site":"index.js:login","tokenSample":"eyJhbGciOiJIUzI1NiIs...","payload":{"student_id":"S90020029","sapid":"90020029","name":"MBA","program":"mba","year":1,"semester":2,"course_id":"DEFAULT_COURSE","iat":1765625968,"exp":1765654768}}
{"ts":"2025-12-13T11:40:05.739Z","site":"index.js:login","tokenSample":"eyJhbGciOiJIUzI1NiIs...","payload":{"student_id":"S90020029","sapid":"90020029","name":"MBA","program":"mba","year":1,"semester":2,"course_id":"DEFAULT_COURSE","iat":1765626005,"exp":1765654805}}
{"ts":"2025-12-13T12:03:15.102Z","site":"index.js:login","tokenSample":"eyJhbGciOiJIUzI1NiIs...","payload":{"student_id":"S95872001","sapid":"95872001","name":"MANYA","program":"law","year":1,"semester":1,"course_id":"C_SOL_SEM2","iat":1765627395,"exp":1765656195}}
{"ts":"2025-12-13T12:20:43.484Z","site":"index.js:login","tokenSample":"eyJhbGciOiJIUzI1NiIs...","payload":{"student_id":"S90020046","sapid":"90020046","name":"Pharma","program":"pharma","year":2,"semester":2,"course_id":"DEFAULT_COURSE","iat":1765628443,"exp":1765657243}}
{"ts":"2025-12-13T12:25:50.601Z","site":"index.js:login","tokenSample":"eyJhbGciOiJIUzI1NiIs...","payload":{"student_id":"S90020046","sapid":"90020046","name":"Pharma","program":"pharma","year":2,"semester":2,"course_id":"DEFAULT_COURSE","iat":1765628750,"exp":1765657550}}
{"ts":"2025-12-13T12:34:00.657Z","site":"index.js:login","tokenSample":"eyJhbGciOiJIUzI1NiIs...","payload":{"student_id":"S90020083","sapid":"90020083","name":"Law","program":"law","year":3,"semester":2,"course_id":"DEFAULT_COURSE","iat":1765629240,"exp":1765658040}}
{"ts":"2025-12-13T12:36:04.875Z","site":"index.js:login","tokenSample":"eyJhbGciOiJIUzI1NiIs...","payload":{"student_id":"S90020083","sapid":"90020083","name":"Law","program":"law","year":3,"semester":2,"course_id":"DEFAULT_COURSE","iat":1765629364,"exp":1765658164}}
{"ts":"2025-12-13T12:36:38.355Z","site":"index.js:login","tokenSample":"eyJhbGciOiJIUzI1NiIs...","payload":{"student_id":"S90020083","sapid":"90020083","name":"Law","program":"law","year":3,"semester":2,"course_id":"DEFAULT_COURSE","iat":1765629398,"exp":1765658198}}
{"ts":"2025-12-13T12:40:05.786Z","site":"index.js:login","tokenSample":"eyJhbGciOiJIUzI1NiIs...","payload":{"student_id":"S90020083","sapid":"90020083","name":"Law","program":"law","year":3,"semester":2,"course_id":"DEFAULT_COURSE","iat":1765629605,"exp":1765658405}}
{"ts":"2025-12-13T12:46:03.605Z","site":"index.js:login","tokenSample":"eyJhbGciOiJIUzI1NiIs...","payload":{"student_id":"S90020045","sapid":"90020045","name":"Pharma","program":"pharma","year":2,"semester":1,"course_id":"DEFAULT_COURSE","iat":1765629963,"exp":1765658763}}
{"ts":"2025-12-13T15:48:23.281Z","site":"index.js:login","tokenSample":"eyJhbGciOiJIUzI1NiIs...","payload":{"student_id":"S90020016","sapid":"90020016","name":"Engineering","program":"engineering","year":3,"semester":2,"course_id":"DEFAULT_COURSE","iat":1765640903,"exp":1765669703}}
{"ts":"2025-12-13T15:52:12.662Z","site":"index.js:login","tokenSample":"eyJhbGciOiJIUzI1NiIs...","payload":{"student_id":"S90020041","sapid":"90020041","name":"Pharma","program":"pharma","year":1,"semester":2,"course_id":"DEFAULT_COURSE","iat":1765641132,"exp":1765669932}}
{"ts":"2025-12-13T15:59:30.063Z","site":"index.js:login","tokenSample":"eyJhbGciOiJIUzI1NiIs...","payload":{"student_id":"S90020024","sapid":"90020024","name":"Engineering","program":"engineering","year":4,"semester":2,"course_id":"DEFAULT_COURSE","iat":1765641570,"exp":1765670370}}
{"ts":"2025-12-13T16:00:19.873Z","site":"index.js:login","tokenSample":"eyJhbGciOiJIUzI1NiIs...","payload":{"student_id":"S90020024","sapid":"90020024","name":"Engineering","program":"engineering","year":4,"semester":2,"course_id":"DEFAULT_COURSE","iat":1765641619,"exp":1765670419}}
{"ts":"2025-12-13T16:07:41.436Z","site":"index.js:login","tokenSample":"eyJhbGciOiJIUzI1NiIs...","payload":{"student_id":"S90020024","sapid":"90020024","name":"Engineering","program":"engineering","year":4,"semester":2,"course_id":"DEFAULT_COURSE","iat":1765642061,"exp":1765670861}}
{"ts":"2025-12-13T16:08:40.963Z","site":"index.js:login","tokenSample":"eyJhbGciOiJIUzI1NiIs...","payload":{"student_id":"S90020024","sapid":"90020024","name":"Engineering","program":"engineering","year":4,"semester":2,"course_id":"DEFAULT_COURSE","iat":1765642120,"exp":1765670920}}
{"ts":"2025-12-13T16:16:56.700Z","site":"index.js:login","tokenSample":"eyJhbGciOiJIUzI1NiIs...","payload":{"student_id":"S90020011","sapid":"90020011","name":"Student_90020011","program":"engineering","year":3,"semester":6,"course_id":"DEFAULT_COURSE","iat":1765642616,"exp":1765671416}}
{"ts":"2025-12-14T03:33:17.784Z","site":"index.js:login","tokenSample":"eyJhbGciOiJIUzI1NiIs...","payload":{"student_id":"S90020011","sapid":"90020011","name":"Student_90020011","program":"engineering","year":3,"semester":6,"course_id":"DEFAULT_COURSE","iat":1765683197,"exp":1765711997}}
{"ts":"2025-12-14T03:33:53.457Z","site":"index.js:login","tokenSample":"eyJhbGciOiJIUzI1NiIs...","payload":{"student_id":"S90020011","sapid":"90020011","name":"Student_90020011","program":"engineering","year":3,"semester":6,"course_id":"DEFAULT_COURSE","iat":1765683233,"exp":1765712033}}
{"ts":"2025-12-14T06:43:29.816Z","site":"index.js:login","tokenSample":"eyJhbGciOiJIUzI1NiIs...","payload":{"student_id":"S90020002","sapid":"90020002","name":"Student_90020002","program":"engineering","year":1,"semester":1,"course_id":"DEFAULT_COURSE","iat":1765694609,"exp":1765723409}}
{"ts":"2025-12-14T06:44:07.977Z","site":"index.js:login","tokenSample":"eyJhbGciOiJIUzI1NiIs...","payload":{"student_id":"S90020001","sapid":"90020001","name":"Student_90020001","program":"engineering","year":1,"semester":1,"course_id":"DEFAULT_COURSE","iat":1765694647,"exp":1765723447}}
{"ts":"2025-12-14T06:48:44.363Z","site":"index.js:login","tokenSample":"eyJhbGciOiJIUzI1NiIs...","payload":{"student_id":"S90020001","sapid":"90020001","name":"Engineering","program":"engineering","year":1,"semester":1,"course_id":"DEFAULT_COURSE","iat":1765694924,"exp":1765723724}}
{"ts":"2025-12-14T06:53:58.189Z","site":"index.js:login","tokenSample":"eyJhbGciOiJIUzI1NiIs...","payload":{"student_id":"uuid-test-001","sapid":"SAPID-TEST-001","name":"Test Student","program":"Engineering","year":null,"semester":1,"course_id":null,"iat":1765695238,"exp":1765724038}}
{"ts":"2025-12-14T06:54:58.291Z","site":"index.js:login","tokenSample":"eyJhbGciOiJIUzI1NiIs...","payload":{"student_id":"uuid-test-001","sapid":"SAPID-TEST-001","name":"Test Student","program":"Engineering","year":null,"semester":1,"course_id":null,"iat":1765695298,"exp":1765724098}}
{"ts":"2025-12-14T06:56:01.361Z","site":"index.js:login","tokenSample":"eyJhbGciOiJIUzI1NiIs...","payload":{"student_id":"S90020001","sapid":"90020001","name":"Engineering","program":"engineering","year":1,"semester":1,"course_id":"DEFAULT_COURSE","iat":1765695361,"exp":1765724161}}
{"ts":"2025-12-14T06:57:37.964Z","site":"index.js:login","tokenSample":"eyJhbGciOiJIUzI1NiIs...","payload":{"student_id":"S90020004","sapid":"90020004","name":"Engineering","program":"engineering","year":1,"semester":2,"course_id":"DEFAULT_COURSE","iat":1765695457,"exp":1765724257}}
{"ts":"2025-12-14T06:58:49.855Z","site":"index.js:login","tokenSample":"eyJhbGciOiJIUzI1NiIs...","payload":{"student_id":"S90020004","sapid":"90020004","name":"Engineering","program":"engineering","year":1,"semester":2,"course_id":"DEFAULT_COURSE","iat":1765695529,"exp":1765724329}}
{"ts":"2025-12-14T07:03:54.354Z","site":"index.js:login","tokenSample":"eyJhbGciOiJIUzI1NiIs...","payload":{"student_id":"S90020006","sapid":"90020006","name":"Engineering","program":"engineering","year":1,"semester":2,"course_id":"DEFAULT_COURSE","iat":1765695834,"exp":1765724634}}
{"ts":"2025-12-14T08:01:21.237Z","site":"index.js:login","tokenSample":"eyJhbGciOiJIUzI1NiIs...","payload":{"student_id":"S90020006","sapid":"90020006","name":"Engineering","program":"engineering","year":1,"semester":2,"course_id":"DEFAULT_COURSE","iat":1765699281,"exp":1765728081}}
{"ts":"2025-12-14T08:06:03.986Z","site":"index.js:login","tokenSample":"eyJhbGciOiJIUzI1NiIs...","payload":{"student_id":"S90020003","sapid":"90020003","name":"Engineering","program":"engineering","year":1,"semester":1,"course_id":"DEFAULT_COURSE","iat":1765699563,"exp":1765728363}}
{"ts":"2025-12-14T08:14:12.954Z","site":"index.js:login","tokenSample":"eyJhbGciOiJIUzI1NiIs...","payload":{"student_id":"S90020003","sapid":"90020003","name":"Engineering","program":"engineering","year":1,"semester":1,"course_id":"DEFAULT_COURSE","iat":1765700052,"exp":1765728852}}
{"ts":"2025-12-14T08:18:57.055Z","site":"index.js:login","tokenSample":"eyJhbGciOiJIUzI1NiIs...","payload":{"student_id":"S90020003","sapid":"90020003","name":"Engineering","program":"engineering","year":1,"semester":1,"course_id":"DEFAULT_COURSE","iat":1765700337,"exp":1765729137}}
{"ts":"2025-12-14T08:19:30.427Z","site":"index.js:login","tokenSample":"eyJhbGciOiJIUzI1NiIs...","payload":{"student_id":"S90020003","sapid":"90020003","name":"Engineering","program":"engineering","year":1,"semester":1,"course_id":"DEFAULT_COURSE","iat":1765700370,"exp":1765729170}}
{"ts":"2025-12-14T08:37:10.196Z","site":"index.js:login","tokenSample":"eyJhbGciOiJIUzI1NiIs...","payload":{"student_id":"S90020001","sapid":"90020001","name":"Engineering","program":"engineering","year":1,"semester":1,"course_id":"DEFAULT_COURSE","iat":1765701430,"exp":1765730230}}
{"ts":"2025-12-14T08:56:58.081Z","site":"index.js:login","tokenSample":"eyJhbGciOiJIUzI1NiIs...","payload":{"student_id":"S90020004","sapid":"90020004","name":"Engineering","program":"engineering","year":1,"semester":1,"course_id":"DEFAULT_COURSE","iat":1765702618,"exp":1765731418}}
{"ts":"2025-12-14T08:58:13.704Z","site":"index.js:login","tokenSample":"eyJhbGciOiJIUzI1NiIs...","payload":{"student_id":"S90020004","sapid":"90020004","name":"Engineering","program":"engineering","year":1,"semester":1,"course_id":"DEFAULT_COURSE","iat":1765702693,"exp":1765731493}}
{"ts":"2025-12-14T08:59:05.084Z","site":"index.js:login","tokenSample":"eyJhbGciOiJIUzI1NiIs...","payload":{"student_id":"S90020004","sapid":"90020004","name":"Engineering","program":"engineering","year":1,"semester":2,"course_id":"DEFAULT_COURSE","iat":1765702745,"exp":1765731545}}
{"ts":"2025-12-14T09:00:23.048Z","site":"index.js:login","tokenSample":"eyJhbGciOiJIUzI1NiIs...","payload":{"student_id":"S90020002","sapid":"90020002","name":"Engineering","program":"engineering","year":1,"semester":1,"course_id":"DEFAULT_COURSE","iat":1765702823,"exp":1765731623}}
{"ts":"2025-12-14T09:02:12.479Z","site":"index.js:login","tokenSample":"eyJhbGciOiJIUzI1NiIs...","payload":{"student_id":"S90020004","sapid":"90020004","name":"Engineering","program":"engineering","year":1,"semester":2,"course_id":"DEFAULT_COURSE","iat":1765702932,"exp":1765731732}}
{"ts":"2025-12-14T09:03:24.921Z","site":"index.js:login","tokenSample":"eyJhbGciOiJIUzI1NiIs...","payload":{"student_id":"S90020002","sapid":"90020002","name":"Engineering","program":"engineering","year":1,"semester":1,"course_id":"DEFAULT_COURSE","iat":1765703004,"exp":1765731804}}
{"ts":"2025-12-14T09:10:08.316Z","site":"index.js:login","tokenSample":"eyJhbGciOiJIUzI1NiIs...","payload":{"student_id":"S90020002","sapid":"90020002","name":"Engineering","program":"engineering","year":1,"semester":1,"course_id":"DEFAULT_COURSE","iat":1765703408,"exp":1765732208}}
{"ts":"2025-12-14T09:14:14.495Z","site":"index.js:login","tokenSample":"eyJhbGciOiJIUzI1NiIs...","payload":{"student_id":"S90020002","sapid":"90020002","name":"Engineering","program":"engineering","year":1,"semester":1,"course_id":"DEFAULT_COURSE","iat":1765703654,"exp":1765732454}}
{"ts":"2025-12-14T09:26:25.606Z","site":"index.js:login","tokenSample":"eyJhbGciOiJIUzI1NiIs...","payload":{"student_id":"S90020004","sapid":"90020004","name":"Engineering","program":"engineering","year":1,"semester":2,"course_id":"DEFAULT_COURSE","iat":1765704385,"exp":1765733185}}
{"ts":"2025-12-14T09:27:21.148Z","site":"index.js:login","tokenSample":"eyJhbGciOiJIUzI1NiIs...","payload":{"student_id":"S90020004","sapid":"90020004","name":"Engineering","program":"engineering","year":1,"semester":2,"course_id":"DEFAULT_COURSE","iat":1765704441,"exp":1765733241}}
{"ts":"2025-12-14T09:27:52.189Z","site":"index.js:login","tokenSample":"eyJhbGciOiJIUzI1NiIs...","payload":{"student_id":"S90020004","sapid":"90020004","name":"Engineering","program":"engineering","year":1,"semester":2,"course_id":"DEFAULT_COURSE","iat":1765704472,"exp":1765733272}}
{"ts":"2025-12-14T09:31:34.915Z","site":"index.js:login","tokenSample":"eyJhbGciOiJIUzI1NiIs...","payload":{"student_id":"S90020002","sapid":"90020002","name":"Engineering","program":"engineering","year":1,"semester":1,"course_id":"DEFAULT_COURSE","iat":1765704694,"exp":1765733494}}
{"ts":"2025-12-14T09:35:27.928Z","site":"index.js:login","tokenSample":"eyJhbGciOiJIUzI1NiIs...","payload":{"student_id":"S90020002","sapid":"90020002","name":"Engineering","program":"engineering","year":1,"semester":1,"course_id":"DEFAULT_COURSE","iat":1765704927,"exp":1765733727}}
{"ts":"2025-12-14T09:38:43.667Z","site":"index.js:login","tokenSample":"eyJhbGciOiJIUzI1NiIs...","payload":{"student_id":"S90020001","sapid":"90020001","name":"Engineering","program":"engineering","year":1,"semester":1,"course_id":"DEFAULT_COURSE","iat":1765705123,"exp":1765733923}}
{"ts":"2025-12-14T09:49:03.790Z","site":"index.js:login","tokenSample":"eyJhbGciOiJIUzI1NiIs...","payload":{"student_id":"S90020001","sapid":"90020001","name":"Engineering","program":"engineering","year":1,"semester":1,"course_id":"DEFAULT_COURSE","iat":1765705743,"exp":1765734543}}
{"ts":"2025-12-14T09:51:16.534Z","site":"index.js:login","tokenSample":"eyJhbGciOiJIUzI1NiIs...","payload":{"student_id":"S90020004","sapid":"90020004","name":"Engineering","program":"engineering","year":1,"semester":2,"course_id":"DEFAULT_COURSE","iat":1765705876,"exp":1765734676}}
{"ts":"2025-12-14T09:52:33.239Z","site":"index.js:login","tokenSample":"eyJhbGciOiJIUzI1NiIs...","payload":{"student_id":"S90020001","sapid":"90020001","name":"Engineering","program":"engineering","year":1,"semester":1,"course_id":"DEFAULT_COURSE","iat":1765705953,"exp":1765734753}}
{"ts":"2025-12-14T09:54:08.511Z","site":"index.js:login","tokenSample":"eyJhbGciOiJIUzI1NiIs...","payload":{"student_id":"S90020001","sapid":"90020001","name":"Engineering","program":"engineering","year":1,"semester":1,"course_id":"DEFAULT_COURSE","iat":1765706048,"exp":1765734848}}
{"ts":"2025-12-14T09:56:23.885Z","site":"index.js:login","tokenSample":"eyJhbGciOiJIUzI1NiIs...","payload":{"student_id":"S90020001","sapid":"90020001","name":"Engineering","program":"engineering","year":1,"semester":1,"course_id":"DEFAULT_COURSE","iat":1765706183,"exp":1765734983}}
{"ts":"2025-12-14T09:57:01.871Z","site":"index.js:login","tokenSample":"eyJhbGciOiJIUzI1NiIs...","payload":{"student_id":"S90020081","sapid":"90020081","name":"Law","program":"law","year":1,"semester":2,"course_id":"DEFAULT_COURSE","iat":1765706221,"exp":1765735021}}
{"ts":"2025-12-14T10:07:11.553Z","site":"index.js:login","tokenSample":"eyJhbGciOiJIUzI1NiIs...","payload":{"student_id":"S90020076","sapid":"90020076","name":"Law","program":"law","year":1,"semester":1,"course_id":"DEFAULT_COURSE","iat":1765706831,"exp":1765735631}}
{"ts":"2025-12-14T10:07:55.712Z","site":"index.js:login","tokenSample":"eyJhbGciOiJIUzI1NiIs...","payload":{"student_id":"S90020054","sapid":"90020054","name":"MBA","program":"mba","year":1,"semester":1,"course_id":"DEFAULT_COURSE","iat":1765706875,"exp":1765735675}}
{"ts":"2025-12-14T10:12:57.506Z","site":"index.js:login","tokenSample":"eyJhbGciOiJIUzI1NiIs...","payload":{"student_id":"S90020054","sapid":"90020054","name":"MBA","program":"mba","year":1,"semester":1,"course_id":"DEFAULT_COURSE","iat":1765707177,"exp":1765735977}}
{"ts":"2025-12-14T10:24:36.077Z","site":"index.js:login","tokenSample":"eyJhbGciOiJIUzI1NiIs...","payload":{"student_id":"S90020051","sapid":"90020051","name":"MBA","program":"mba","year":1,"semester":1,"course_id":"DEFAULT_COURSE","iat":1765707876,"exp":1765736676}}
{"ts":"2025-12-14T10:24:58.036Z","site":"index.js:login","tokenSample":"eyJhbGciOiJIUzI1NiIs...","payload":{"student_id":"S90020005","sapid":"90020005","name":"Engineering","program":"engineering","year":1,"semester":1,"course_id":"DEFAULT_COURSE","iat":1765707898,"exp":1765736698}}
{"ts":"2025-12-14T10:28:17.662Z","site":"index.js:login","tokenSample":"eyJhbGciOiJIUzI1NiIs...","payload":{"student_id":"S90020005","sapid":"90020005","name":"Engineering","program":"engineering","year":1,"semester":1,"course_id":"DEFAULT_COURSE","iat":1765708097,"exp":1765736897}}
{"ts":"2025-12-14T10:31:13.390Z","site":"index.js:login","tokenSample":"eyJhbGciOiJIUzI1NiIs...","payload":{"student_id":"S90020005","sapid":"90020005","name":"Engineering","program":"engineering","year":1,"semester":1,"course_id":"DEFAULT_COURSE","iat":1765708273,"exp":1765737073}}
{"ts":"2025-12-14T10:34:14.074Z","site":"index.js:login","tokenSample":"eyJhbGciOiJIUzI1NiIs...","payload":{"student_id":"S90020005","sapid":"90020005","name":"Engineering","program":"engineering","year":1,"semester":1,"course_id":"DEFAULT_COURSE","iat":1765708454,"exp":1765737254}}
{"ts":"2025-12-14T10:34:23.445Z","site":"index.js:login","tokenSample":"eyJhbGciOiJIUzI1NiIs...","payload":{"student_id":"S90020005","sapid":"90020005","name":"Engineering","program":"engineering","year":1,"semester":1,"course_id":"DEFAULT_COURSE","iat":1765708463,"exp":1765737263}}
{"ts":"2025-12-14T10:35:41.255Z","site":"index.js:login","tokenSample":"eyJhbGciOiJIUzI1NiIs...","payload":{"student_id":"S90020005","sapid":"90020005","name":"Engineering","program":"engineering","year":1,"semester":1,"course_id":"DEFAULT_COURSE","iat":1765708541,"exp":1765737341}}
{"ts":"2025-12-14T10:59:13.919Z","site":"index.js:login","tokenSample":"eyJhbGciOiJIUzI1NiIs...","payload":{"student_id":"S90020005","sapid":"90020005","name":"Engineering","program":"engineering","year":1,"semester":1,"course_id":"DEFAULT_COURSE","iat":1765709953,"exp":1765738753}}
{"ts":"2025-12-14T11:09:22.430Z","site":"index.js:login","tokenSample":"eyJhbGciOiJIUzI1NiIs...","payload":{"student_id":"S90020069","sapid":"90020069","name":"MBA","program":"mba","year":2,"semester":4,"course_id":"DEFAULT_COURSE","iat":1765710562,"exp":1765739362}}
{"ts":"2025-12-14T11:09:49.237Z","site":"index.js:login","tokenSample":"eyJhbGciOiJIUzI1NiIs...","payload":{"student_id":"S90020002","sapid":"90020002","name":"Engineering","program":"engineering","year":1,"semester":1,"course_id":"DEFAULT_COURSE","iat":1765710589,"exp":1765739389}}
{"ts":"2025-12-14T11:10:32.590Z","site":"index.js:login","tokenSample":"eyJhbGciOiJIUzI1NiIs...","payload":{"student_id":"S90020090","sapid":"90020090","name":"Law","program":"law","year":2,"semester":4,"course_id":"DEFAULT_COURSE","iat":1765710632,"exp":1765739432}}
{"ts":"2025-12-14T11:20:01.344Z","site":"index.js:login","tokenSample":"eyJhbGciOiJIUzI1NiIs...","payload":{"student_id":"S90020049","sapid":"90020049","name":"MBA","program":"mba","year":1,"semester":1,"course_id":"DEFAULT_COURSE","iat":1765711201,"exp":1765740001}}
{"ts":"2025-12-14T12:12:21.687Z","site":"index.js:login","tokenSample":"eyJhbGciOiJIUzI1NiIs...","payload":{"student_id":"S90020043","sapid":"90020043","name":"Engineering","program":"engineering","year":4,"semester":8,"course_id":"DEFAULT_COURSE","iat":1765714341,"exp":1765743141}}
{"ts":"2025-12-14T12:14:41.453Z","site":"index.js:login","tokenSample":"eyJhbGciOiJIUzI1NiIs...","payload":{"student_id":"S90020056","sapid":"90020056","name":"MBA","program":"mba","year":1,"semester":2,"course_id":"DEFAULT_COURSE","iat":1765714481,"exp":1765743281}}
{"ts":"2025-12-14T12:19:04.599Z","site":"index.js:login","tokenSample":"eyJhbGciOiJIUzI1NiIs...","payload":{"student_id":"S90020011","sapid":"90020011","name":"Engineering","program":"engineering","year":1,"semester":2,"course_id":"DEFAULT_COURSE","iat":1765714744,"exp":1765743544}}
{"ts":"2025-12-14T12:19:40.535Z","site":"index.js:login","tokenSample":"eyJhbGciOiJIUzI1NiIs...","payload":{"student_id":"S90020024","sapid":"90020024","name":"Engineering","program":"engineering","year":2,"semester":4,"course_id":"DEFAULT_COURSE","iat":1765714780,"exp":1765743580}}
{"ts":"2025-12-14T12:56:49.987Z","site":"index.js:login","tokenSample":"eyJhbGciOiJIUzI1NiIs...","payload":{"student_id":"S90020003","sapid":"90020003","name":"Engineering","program":"engineering","year":1,"semester":1,"course_id":"DEFAULT_COURSE","iat":1765717009,"exp":1765745809}}
{"ts":"2025-12-14T12:58:04.103Z","site":"index.js:login","tokenSample":"eyJhbGciOiJIUzI1NiIs...","payload":{"student_id":"S90020002","sapid":"90020002","name":"Engineering","program":"engineering","year":1,"semester":1,"course_id":"DEFAULT_COURSE","iat":1765717084,"exp":1765745884}}
{"ts":"2025-12-14T13:06:08.615Z","site":"index.js:login","tokenSample":"eyJhbGciOiJIUzI1NiIs...","payload":{"student_id":"S90020002","sapid":"90020002","name":"Engineering","program":"engineering","year":1,"semester":1,"course_id":"DEFAULT_COURSE","iat":1765717568,"exp":1765746368}}
{"ts":"2025-12-14T13:08:57.547Z","site":"index.js:login","tokenSample":"eyJhbGciOiJIUzI1NiIs...","payload":{"student_id":"S90020004","sapid":"90020004","name":"Engineering","program":"engineering","year":1,"semester":2,"course_id":"DEFAULT_COURSE","iat":1765717737,"exp":1765746537}}
{"ts":"2025-12-14T13:09:16.655Z","site":"index.js:login","tokenSample":"eyJhbGciOiJIUzI1NiIs...","payload":{"student_id":"S90020004","sapid":"90020004","name":"Engineering","program":"engineering","year":1,"semester":2,"course_id":"DEFAULT_COURSE","iat":1765717756,"exp":1765746556}}
{"ts":"2025-12-14T13:10:14.728Z","site":"index.js:login","tokenSample":"eyJhbGciOiJIUzI1NiIs...","payload":{"student_id":"S90020004","sapid":"90020004","name":"Engineering","program":"engineering","year":1,"semester":2,"course_id":"DEFAULT_COURSE","iat":1765717814,"exp":1765746614}}
{"ts":"2025-12-14T13:10:37.058Z","site":"index.js:login","tokenSample":"eyJhbGciOiJIUzI1NiIs...","payload":{"student_id":"S90020004","sapid":"90020004","name":"Engineering","program":"engineering","year":1,"semester":2,"course_id":"DEFAULT_COURSE","iat":1765717837,"exp":1765746637}}
{"ts":"2025-12-14T13:12:08.517Z","site":"index.js:login","tokenSample":"eyJhbGciOiJIUzI1NiIs...","payload":{"student_id":"S90020002","sapid":"90020002","name":"Engineering","program":"engineering","year":1,"semester":1,"course_id":"DEFAULT_COURSE","iat":1765717928,"exp":1765746728}}
{"ts":"2025-12-14T13:16:22.650Z","site":"index.js:login","tokenSample":"eyJhbGciOiJIUzI1NiIs...","payload":{"student_id":"S90020004","sapid":"90020004","name":"Engineering","program":"engineering","year":1,"semester":2,"course_id":"DEFAULT_COURSE","iat":1765718182,"exp":1765746982}}
{"ts":"2025-12-14T13:24:18.396Z","site":"index.js:login","tokenSample":"eyJhbGciOiJIUzI1NiIs...","payload":{"student_id":"S90020004","sapid":"90020004","name":"Engineering","program":"engineering","year":1,"semester":2,"course_id":"DEFAULT_COURSE","iat":1765718658,"exp":1765747458}}
{"ts":"2025-12-14T13:25:42.691Z","site":"index.js:login","tokenSample":"eyJhbGciOiJIUzI1NiIs...","payload":{"student_id":"S90020004","sapid":"90020004","name":"Engineering","program":"engineering","year":1,"semester":2,"course_id":"DEFAULT_COURSE","iat":1765718742,"exp":1765747542}}
{"ts":"2025-12-14T13:26:27.291Z","site":"index.js:login","tokenSample":"eyJhbGciOiJIUzI1NiIs...","payload":{"student_id":"S90020004","sapid":"90020004","name":"Engineering","program":"engineering","year":1,"semester":2,"course_id":"DEFAULT_COURSE","iat":1765718787,"exp":1765747587}}
{"ts":"2025-12-14T13:33:44.560Z","site":"index.js:login","tokenSample":"eyJhbGciOiJIUzI1NiIs...","payload":{"student_id":"S90020002","sapid":"90020002","name":"Engineering","program":"engineering","year":1,"semester":1,"course_id":"DEFAULT_COURSE","iat":1765719224,"exp":1765748024}}
{"ts":"2025-12-14T13:35:34.604Z","site":"index.js:login","tokenSample":"eyJhbGciOiJIUzI1NiIs...","payload":{"student_id":"S90020002","sapid":"90020002","name":"Engineering","program":"engineering","year":1,"semester":1,"course_id":"DEFAULT_COURSE","iat":1765719334,"exp":1765748134}}
{"ts":"2025-12-14T13:39:40.009Z","site":"index.js:login","tokenSample":"eyJhbGciOiJIUzI1NiIs...","payload":{"student_id":"S90020004","sapid":"90020004","name":"Engineering","program":"engineering","year":1,"semester":2,"course_id":"DEFAULT_COURSE","iat":1765719580,"exp":1765748380}}
{"ts":"2025-12-14T14:50:40.882Z","site":"index.js:login","tokenSample":"eyJhbGciOiJIUzI1NiIs...","payload":{"student_id":"S90020007","sapid":"90020007","name":"Engineering","program":"engineering","year":1,"semester":2,"course_id":"DEFAULT_COURSE","iat":1765723840,"exp":1765752640}}
{"ts":"2025-12-14T14:55:10.493Z","site":"index.js:login","tokenSample":"eyJhbGciOiJIUzI1NiIs...","payload":{"student_id":"S90020005","sapid":"90020005","name":"Engineering","program":"Engineering","year":1,"semester":1,"course_id":"DEFAULT_COURSE","iat":1765724110,"exp":1765752910}}
{"ts":"2025-12-14T14:55:27.741Z","site":"index.js:login","tokenSample":"eyJhbGciOiJIUzI1NiIs...","payload":{"student_id":"S90020016","sapid":"90020016","name":"Engineering","program":"Engineering","year":2,"semester":3,"course_id":"DEFAULT_COURSE","iat":1765724127,"exp":1765752927}}
{"ts":"2025-12-14T15:01:05.286Z","site":"index.js:login","tokenSample":"eyJhbGciOiJIUzI1NiIs...","payload":{"student_id":"S90020012","sapid":"90020012","name":"Engineering","program":"Engineering","year":1,"semester":2,"course_id":"DEFAULT_COURSE","iat":1765724465,"exp":1765753265}}
{"ts":"2025-12-14T15:01:56.724Z","site":"index.js:login","tokenSample":"eyJhbGciOiJIUzI1NiIs...","payload":{"student_id":"S90020011","sapid":"90020011","name":"Engineering","program":"Engineering","year":1,"semester":2,"course_id":"DEFAULT_COURSE","iat":1765724516,"exp":1765753316}}
{"ts":"2025-12-14T15:05:03.850Z","site":"index.js:login","tokenSample":"eyJhbGciOiJIUzI1NiIs...","payload":{"student_id":"S90020009","sapid":"90020009","name":"Engineering","program":"Engineering","year":1,"semester":2,"course_id":"DEFAULT_COURSE","iat":1765724703,"exp":1765753503}}
{"ts":"2025-12-14T15:05:18.594Z","site":"index.js:login","tokenSample":"eyJhbGciOiJIUzI1NiIs...","payload":{"student_id":"S90020091","sapid":"90020091","name":"Law","program":"Law","year":2,"semester":4,"course_id":"DEFAULT_COURSE","iat":1765724718,"exp":1765753518}}
{"ts":"2025-12-14T15:16:55.433Z","site":"index.js:login","tokenSample":"eyJhbGciOiJIUzI1NiIs...","payload":{"student_id":"S90020023","sapid":"90020023","name":"Engineering","program":"Engineering","year":2,"semester":4,"course_id":"DEFAULT_COURSE","iat":1765725415,"exp":1765754215}}
{"ts":"2025-12-14T15:18:19.397Z","site":"index.js:login","tokenSample":"eyJhbGciOiJIUzI1NiIs...","payload":{"student_id":"S90020004","sapid":"90020004","name":"Engineering","program":"Engineering","year":1,"semester":2,"course_id":"DEFAULT_COURSE","iat":1765725499,"exp":1765754299}}
{"ts":"2025-12-14T15:22:22.440Z","site":"index.js:login","tokenSample":"eyJhbGciOiJIUzI1NiIs...","payload":{"student_id":"S90020010","sapid":"90020010","name":"Engineering","program":"Engineering","year":1,"semester":2,"course_id":"DEFAULT_COURSE","iat":1765725742,"exp":1765754542}}
{"ts":"2025-12-14T15:23:07.339Z","site":"index.js:login","tokenSample":"eyJhbGciOiJIUzI1NiIs...","payload":{"student_id":"S90020076","sapid":"90020076","name":"Law","program":"Law","year":1,"semester":1,"course_id":"DEFAULT_COURSE","iat":1765725787,"exp":1765754587}}
{"ts":"2025-12-15T12:34:35.939Z","site":"index.js:login","tokenSample":"eyJhbGciOiJIUzI1NiIs...","payload":{"student_id":"S90030166","sapid":"90030166","name":"BTECH","program":"btech","year":2,"semester":3,"course_id":"DEFAULT_COURSE","iat":1765802075,"exp":1765830875}}
{"ts":"2025-12-15T17:44:33.116Z","site":"index.js:login","tokenSample":"eyJhbGciOiJIUzI1NiIs...","payload":{"student_id":"S90030853","sapid":"90030853","name":"Student_90030853","program":"engineering","year":3,"semester":5,"course_id":"DEFAULT_COURSE","iat":1765820673,"exp":1765849473}}
{"ts":"2025-12-15T18:09:47.227Z","site":"index.js:login","tokenSample":"eyJhbGciOiJIUzI1NiIs...","payload":{"student_id":"S90030761","sapid":"90030761","name":"Student_90030761","program":"Engineering","year":3,"semester":5,"course_id":"DEFAULT_COURSE","iat":1765822187,"exp":1765850987}}
{"ts":"2025-12-15T18:26:47.367Z","site":"index.js:login","tokenSample":"eyJhbGciOiJIUzI1NiIs...","payload":{"student_id":"S90030770","sapid":"90030770","name":"Student_90030770","program":"Engineering","year":3,"semester":5,"course_id":"DEFAULT_COURSE","iat":1765823207,"exp":1765852007}}
{"ts":"2025-12-15T18:29:11.500Z","site":"index.js:login","tokenSample":"eyJhbGciOiJIUzI1NiIs...","payload":{"student_id":"S90030770","sapid":"90030770","name":"Student_90030770","program":"Engineering","year":3,"semester":5,"course_id":"DEFAULT_COURSE","iat":1765823351,"exp":1765852151}}
{"ts":"2025-12-15T19:01:55.894Z","site":"index.js:login","tokenSample":"eyJhbGciOiJIUzI1NiIs...","payload":{"student_id":"S90030762","sapid":"90030762","name":"Student_90030762","program":"engineering","year":3,"semester":5,"course_id":"DEFAULT_COURSE","iat":1765825315,"exp":1765854115}}
{"ts":"2025-12-15T19:07:22.913Z","site":"index.js:login","tokenSample":"eyJhbGciOiJIUzI1NiIs...","payload":{"student_id":"S90030001","sapid":"90030001","name":"Student_90030001","program":"engineering","year":1,"semester":1,"course_id":"DEFAULT_COURSE","iat":1765825642,"exp":1765854442}}
{"ts":"2025-12-15T19:25:18.345Z","site":"index.js:login","tokenSample":"eyJhbGciOiJIUzI1NiIs...","payload":{"student_id":"S90030002","sapid":"90030002","name":"Student_90030002","program":"engineering","year":1,"semester":1,"course_id":"DEFAULT_COURSE","iat":1765826718,"exp":1765855518}}
{"ts":"2025-12-15T19:25:53.443Z","site":"index.js:login","tokenSample":"eyJhbGciOiJIUzI1NiIs...","payload":{"student_id":"S90030770","sapid":"90030770","name":"Student_90030770","program":"engineering","year":3,"semester":5,"course_id":"DEFAULT_COURSE","iat":1765826753,"exp":1765855553}}
{"ts":"2025-12-15T19:34:47.682Z","site":"index.js:login","tokenSample":"eyJhbGciOiJIUzI1NiIs...","payload":{"student_id":"S90030504","sapid":"90030504","name":"Student_90030504","program":"engineering","year":1,"semester":1,"course_id":"DEFAULT_COURSE","iat":1765827287,"exp":1765856087}}
{"ts":"2025-12-16T06:45:01.806Z","site":"index.js:login","tokenSample":"eyJhbGciOiJIUzI1NiIs...","payload":{"student_id":"S90030002","sapid":"90030002","name":"Student_DS_2","program":"engineering","year":1,"semester":1,"course_id":"DEFAULT_COURSE","iat":1765867501,"exp":1765896301}}
{"ts":"2026-01-04T17:46:04.852Z","site":"index.js:login","tokenSample":"eyJhbGciOiJIUzI1NiIs...","payload":{"student_id":"S90010002","sapid":"90010002","name":"Engineering","program":"engineering","year":1,"semester":2,"course_id":"DEFAULT_COURSE","iat":1767548764,"exp":1767577564}}
{"ts":"2026-01-06T18:31:29.931Z","site":"index.js:login","tokenSample":"eyJhbGciOiJIUzI1NiIs...","payload":{"student_id":"S90010002","sapid":"90010002","name":"Engineering","program":"engineering","year":1,"semester":2,"course_id":"DEFAULT_COURSE","iat":1767724289,"exp":1767753089}}
{"ts":"2026-01-06T18:57:53.068Z","site":"index.js:login","tokenSample":"eyJhbGciOiJIUzI1NiIs...","payload":{"student_id":"S90010086","sapid":"90010086","name":"Engineering","program":"engineering","year":4,"semester":2,"course_id":"DEFAULT_COURSE","iat":1767725873,"exp":1767754673}}
{"ts":"2026-01-06T18:59:37.338Z","site":"index.js:login","tokenSample":"eyJhbGciOiJIUzI1NiIs...","payload":{"student_id":"S90010004","sapid":"90010004","name":"Engineering","program":"engineering","year":1,"semester":2,"course_id":"DEFAULT_COURSE","iat":1767725977,"exp":1767754777}}
{"ts":"2026-01-06T19:16:49.913Z","site":"index.js:login","tokenSample":"eyJhbGciOiJIUzI1NiIs...","payload":{"student_id":"S90010002","sapid":"90010002","name":"Engineering","program":"engineering","year":1,"semester":2,"course_id":"DEFAULT_COURSE","iat":1767727009,"exp":1767755809}}
{"ts":"2026-01-06T19:27:19.148Z","site":"index.js:login","tokenSample":"eyJhbGciOiJIUzI1NiIs...","payload":{"student_id":"SS9001009","sapid":"S9001009","name":"Rohan Patel","program":"engineering","year":2,"semester":3,"course_id":"DEFAULT_COURSE","iat":1767727639,"exp":1767756439}}
{"ts":"2026-01-06T19:39:26.509Z","site":"index.js:login","tokenSample":"eyJhbGciOiJIUzI1NiIs...","payload":{"student_id":"SS9001007","sapid":"S9001007","name":"Aditya Gupta","program":"engineering","year":4,"semester":7,"course_id":"DEFAULT_COURSE","iat":1767728366,"exp":1767757166}}
{"ts":"2026-01-06T19:46:06.843Z","site":"index.js:login","tokenSample":"eyJhbGciOiJIUzI1NiIs...","payload":{"student_id":"SS9001009","sapid":"S9001009","name":"Rohan Patel","program":"engineering","year":2,"semester":3,"course_id":"DEFAULT_COURSE","iat":1767728766,"exp":1767757566}}
{"ts":"2026-01-06T19:47:23.020Z","site":"index.js:login","tokenSample":"eyJhbGciOiJIUzI1NiIs...","payload":{"student_id":"SS9001009","sapid":"S9001009","name":"Rohan Patel","program":"engineering","year":2,"semester":3,"course_id":"DEFAULT_COURSE","iat":1767728843,"exp":1767757643}}
{"ts":"2026-01-06T19:47:36.025Z","site":"index.js:login","tokenSample":"eyJhbGciOiJIUzI1NiIs...","payload":{"student_id":"SS9001009","sapid":"S9001009","name":"Rohan Patel","program":"engineering","year":2,"semester":3,"course_id":"DEFAULT_COURSE","iat":1767728856,"exp":1767757656}}
{"ts":"2026-01-06T19:47:56.900Z","site":"index.js:login","tokenSample":"eyJhbGciOiJIUzI1NiIs...","payload":{"student_id":"SS9001009","sapid":"S9001009","name":"Rohan Patel","program":"engineering","year":2,"semester":3,"course_id":"DEFAULT_COURSE","iat":1767728876,"exp":1767757676}}
{"ts":"2026-01-06T19:48:53.106Z","site":"index.js:login","tokenSample":"eyJhbGciOiJIUzI1NiIs...","payload":{"student_id":"SS9001009","sapid":"S9001009","name":"Rohan Patel","program":"engineering","year":2,"semester":3,"course_id":"DEFAULT_COURSE","iat":1767728933,"exp":1767757733}}
{"ts":"2026-01-06T19:57:42.628Z","site":"index.js:login","tokenSample":"eyJhbGciOiJIUzI1NiIs...","payload":{"student_id":"SS9001009","sapid":"S9001009","name":"Rohan Patel","program":"engineering","year":2,"semester":3,"course_id":"DEFAULT_COURSE","iat":1767729462,"exp":1767758262}}
{"ts":"2026-01-06T20:10:41.926Z","site":"index.js:login","tokenSample":"eyJhbGciOiJIUzI1NiIs...","payload":{"student_id":"SS9001004","sapid":"S9001004","name":"Kunal Das","program":"engineering","year":3,"semester":6,"course_id":"DEFAULT_COURSE","iat":1767730241,"exp":1767759041}}
{"ts":"2026-01-06T20:20:31.543Z","site":"index.js:login","tokenSample":"eyJhbGciOiJIUzI1NiIs...","payload":{"student_id":"SS9001004","sapid":"S9001004","name":"Kunal Das","program":"engineering","year":3,"semester":6,"course_id":"DEFAULT_COURSE","iat":1767730831,"exp":1767759631}}
{"ts":"2026-01-06T20:25:36.080Z","site":"index.js:login","tokenSample":"eyJhbGciOiJIUzI1NiIs...","payload":{"student_id":"SS9001004","sapid":"S9001004","name":"Kunal Das","program":"engineering","year":3,"semester":6,"course_id":"DEFAULT_COURSE","iat":1767731136,"exp":1767759936}}
{"ts":"2026-01-06T20:26:34.984Z","site":"index.js:login","tokenSample":"eyJhbGciOiJIUzI1NiIs...","payload":{"student_id":"SS9001004","sapid":"S9001004","name":"Kunal Das","program":"engineering","year":3,"semester":6,"course_id":"DEFAULT_COURSE","iat":1767731194,"exp":1767759994}}
{"ts":"2026-01-07T11:54:05.679Z","site":"index.js:login","tokenSample":"eyJhbGciOiJIUzI1NiIs...","payload":{"student_id":"SS9001004","sapid":"S9001004","name":"Kunal Das","program":"engineering","year":3,"semester":6,"course_id":"DEFAULT_COURSE","iat":1767786845,"exp":1767815645}}
{"ts":"2026-01-07T16:00:08.151Z","site":"index.js:login","tokenSample":"eyJhbGciOiJIUzI1NiIs...","payload":{"student_id":"SS9000011","sapid":"S9000011","name":"Rohan Singh","iat":1767801608,"exp":1767830408}}
{"ts":"2026-01-07T16:04:58.090Z","site":"index.js:login","tokenSample":"eyJhbGciOiJIUzI1NiIs...","payload":{"student_id":"SS9000011","sapid":"S9000011","name":"Rohan Singh","iat":1767801898,"exp":1767830698}}
{"ts":"2026-01-07T16:11:15.213Z","site":"index.js:login","tokenSample":"eyJhbGciOiJIUzI1NiIs...","payload":{"student_id":"SS9000000","sapid":"S9000000","name":"Vivaan Malhotra","iat":1767802275,"exp":1767831075}}
{"ts":"2026-01-07T16:26:13.360Z","site":"index.js:login","tokenSample":"eyJhbGciOiJIUzI1NiIs...","payload":{"student_id":"SS9000001","sapid":"S9000001","name":"Rohan Khan","iat":1767803173,"exp":1767831973}}
{"ts":"2026-01-07T16:42:18.814Z","site":"index.js:login","tokenSample":"eyJhbGciOiJIUzI1NiIs...","payload":{"student_id":"SS9000003","sapid":"S9000003","name":"Kunal Iyer","iat":1767804138,"exp":1767832938}}
{"ts":"2026-01-07T16:42:50.156Z","site":"index.js:login","tokenSample":"eyJhbGciOiJIUzI1NiIs...","payload":{"student_id":"SS9000006","sapid":"S9000006","name":"Siddharth Reddy","iat":1767804170,"exp":1767832970}}
{"ts":"2026-01-07T16:43:23.874Z","site":"index.js:login","tokenSample":"eyJhbGciOiJIUzI1NiIs...","payload":{"student_id":"SS9000014","sapid":"S9000014","name":"Vivaan Malhotra","iat":1767804203,"exp":1767833003}}
{"ts":"2026-01-07T17:24:08.480Z","site":"index.js:login","tokenSample":"eyJhbGciOiJIUzI1NiIs...","payload":{"student_id":"SS9000000","sapid":"S9000000","name":"Vivaan Malhotra","iat":1767806648,"exp":1767835448}}
{"ts":"2026-01-08T07:08:02.344Z","site":"index.js:login","tokenSample":"eyJhbGciOiJIUzI1NiIs...","payload":{"student_id":"SS9000001","sapid":"S9000001","name":"Rohan Khan","iat":1767856082,"exp":1767884882}}
{"ts":"2026-01-08T07:13:04.135Z","site":"index.js:login","tokenSample":"eyJhbGciOiJIUzI1NiIs...","payload":{"student_id":"SS9000005","sapid":"S9000005","name":"Aditya Mehta","iat":1767856384,"exp":1767885184}}
{"ts":"2026-01-08T07:23:00.179Z","site":"index.js:login","tokenSample":"eyJhbGciOiJIUzI1NiIs...","payload":{"student_id":"SS9000014","sapid":"S9000014","name":"Vivaan Malhotra","iat":1767856980,"exp":1767885780}}
{"ts":"2026-01-08T07:27:14.236Z","site":"index.js:login","tokenSample":"eyJhbGciOiJIUzI1NiIs...","payload":{"student_id":"SS9000014","sapid":"S9000014","name":"Vivaan Malhotra","iat":1767857234,"exp":1767886034}}
{"ts":"2026-01-08T07:38:14.459Z","site":"index.js:login","tokenSample":"eyJhbGciOiJIUzI1NiIs...","payload":{"student_id":"SS9000000","sapid":"S9000000","name":"Vivaan Malhotra","iat":1767857894,"exp":1767886694}}
{"ts":"2026-01-08T07:40:07.159Z","site":"index.js:login","tokenSample":"eyJhbGciOiJIUzI1NiIs...","payload":{"student_id":"SS9000000","sapid":"S9000000","name":"Vivaan Malhotra","iat":1767858007,"exp":1767886807}}
{"ts":"2026-01-08T07:42:24.762Z","site":"index.js:login","tokenSample":"eyJhbGciOiJIUzI1NiIs...","payload":{"student_id":"SS9000000","sapid":"S9000000","name":"Vivaan Malhotra","iat":1767858144,"exp":1767886944}}
{"ts":"2026-01-08T07:43:18.330Z","site":"index.js:login","tokenSample":"eyJhbGciOiJIUzI1NiIs...","payload":{"student_id":"SS9000000","sapid":"S9000000","name":"Vivaan Malhotra","iat":1767858198,"exp":1767886998}}
{"ts":"2026-01-08T07:43:39.913Z","site":"index.js:login","tokenSample":"eyJhbGciOiJIUzI1NiIs...","payload":{"student_id":"SS9000000","sapid":"S9000000","name":"Vivaan Malhotra","iat":1767858219,"exp":1767887019}}
{"ts":"2026-01-09T08:08:26.612Z","site":"index.js:login","tokenSample":"eyJhbGciOiJIUzI1NiIs...","payload":{"student_id":"SS9000000","sapid":"S9000000","name":"Vivaan Malhotra","iat":1767946106,"exp":1767974906}}
{"ts":"2026-01-09T08:16:36.341Z","site":"index.js:login","tokenSample":"eyJhbGciOiJIUzI1NiIs...","payload":{"student_id":"SS9000000","sapid":"S9000000","name":"Vivaan Malhotra","iat":1767946596,"exp":1767975396}}
{"ts":"2026-01-09T08:27:07.248Z","site":"index.js:login","tokenSample":"eyJhbGciOiJIUzI1NiIs...","payload":{"student_id":"SS9000000","sapid":"S9000000","name":"Vivaan Malhotra","iat":1767947227,"exp":1767976027}}
{"ts":"2026-01-09T08:44:22.971Z","site":"index.js:login","tokenSample":"eyJhbGciOiJIUzI1NiIs...","payload":{"student_id":"SS90012023","sapid":"S90012023","name":"Debug User","iat":1767948262,"exp":1767977062}}
{"ts":"2026-01-09T08:44:48.694Z","site":"index.js:login","tokenSample":"eyJhbGciOiJIUzI1NiIs...","payload":{"student_id":"SS90012023","sapid":"S90012023","name":"Debug User","iat":1767948288,"exp":1767977088}}
{"ts":"2026-01-09T08:45:59.228Z","site":"index.js:login","tokenSample":"eyJhbGciOiJIUzI1NiIs...","payload":{"student_id":"SS90012023","sapid":"S90012023","name":"Debug User","iat":1767948359,"exp":1767977159}}
{"ts":"2026-01-09T08:47:20.833Z","site":"index.js:login","tokenSample":"eyJhbGciOiJIUzI1NiIs...","payload":{"student_id":"SS90012023","sapid":"S90012023","name":"Debug User","iat":1767948440,"exp":1767977240}}
{"ts":"2026-01-09T08:48:25.068Z","site":"index.js:login","tokenSample":"eyJhbGciOiJIUzI1NiIs...","payload":{"student_id":"SS90012023","sapid":"S90012023","name":"Debug User","iat":1767948505,"exp":1767977305}}
{"ts":"2026-01-09T08:49:43.146Z","site":"index.js:login","tokenSample":"eyJhbGciOiJIUzI1NiIs...","payload":{"student_id":"SS90012023","sapid":"S90012023","name":"Debug User","iat":1767948583,"exp":1767977383}}
{"ts":"2026-01-09T08:50:08.629Z","site":"index.js:login","tokenSample":"eyJhbGciOiJIUzI1NiIs...","payload":{"student_id":"SS90012023","sapid":"S90012023","name":"Debug User","iat":1767948608,"exp":1767977408}}
{"ts":"2026-01-09T08:50:43.889Z","site":"index.js:login","tokenSample":"eyJhbGciOiJIUzI1NiIs...","payload":{"student_id":"SS90012023","sapid":"S90012023","name":"Debug User","iat":1767948643,"exp":1767977443}}
{"ts":"2026-01-09T08:51:17.706Z","site":"index.js:login","tokenSample":"eyJhbGciOiJIUzI1NiIs...","payload":{"student_id":"SS90012023","sapid":"S90012023","name":"Debug User","iat":1767948677,"exp":1767977477}}
{"ts":"2026-01-09T08:51:52.043Z","site":"index.js:login","tokenSample":"eyJhbGciOiJIUzI1NiIs...","payload":{"student_id":"SS90012023","sapid":"S90012023","name":"Debug User","iat":1767948712,"exp":1767977512}}
{"ts":"2026-01-09T08:52:17.068Z","site":"index.js:login","tokenSample":"eyJhbGciOiJIUzI1NiIs...","payload":{"student_id":"SS90012023","sapid":"S90012023","name":"Debug User","iat":1767948737,"exp":1767977537}}
{"ts":"2026-01-09T08:53:03.909Z","site":"index.js:login","tokenSample":"eyJhbGciOiJIUzI1NiIs...","payload":{"student_id":"SS90012023","sapid":"S90012023","name":"Debug User","iat":1767948783,"exp":1767977583}}
{"ts":"2026-01-09T09:08:21.730Z","site":"index.js:login","tokenSample":"eyJhbGciOiJIUzI1NiIs...","payload":{"student_id":"SS9000000","sapid":"S9000000","name":"Vivaan Malhotra","iat":1767949701,"exp":1767978501}}
{"ts":"2026-01-09T09:11:18.081Z","site":"index.js:login","tokenSample":"eyJhbGciOiJIUzI1NiIs...","payload":{"student_id":"SS90012023","sapid":"S90012023","name":"Debug User","iat":1767949878,"exp":1767978678}}
{"ts":"2026-01-23T06:03:05.867Z","site":"index.js:login","tokenSample":"eyJhbGciOiJIUzI1NiIs...","payload":{"student_id":"SS9000001","sapid":"S9000001","name":"Rohan Khan","iat":1769148185,"exp":1769176985}}
{"ts":"2026-01-23T06:17:46.797Z","site":"index.js:login","tokenSample":"eyJhbGciOiJIUzI1NiIs...","payload":{"student_id":"SS9000001","sapid":"S9000001","name":"Rohan Khan","iat":1769149066,"exp":1769177866}}
{"ts":"2026-01-23T06:18:24.737Z","site":"index.js:login","tokenSample":"eyJhbGciOiJIUzI1NiIs...","payload":{"student_id":"SS9000001","sapid":"S9000001","name":"Rohan Khan","iat":1769149104,"exp":1769177904}}
{"ts":"2026-01-23T06:41:41.576Z","site":"index.js:login","tokenSample":"eyJhbGciOiJIUzI1NiIs...","payload":{"student_id":"SS9000000","sapid":"S9000000","name":"Vivaan Malhotra","iat":1769150501,"exp":1769179301}}
{"ts":"2026-01-23T06:51:06.865Z","site":"index.js:login","tokenSample":"eyJhbGciOiJIUzI1NiIs...","payload":{"student_id":"SS9000000","sapid":"S9000000","name":"Vivaan Malhotra","iat":1769151066,"exp":1769179866}}
{"ts":"2026-01-23T07:06:19.246Z","site":"index.js:login","tokenSample":"eyJhbGciOiJIUzI1NiIs...","payload":{"student_id":"SS9000000","sapid":"S9000000","name":"Vivaan Malhotra","iat":1769151979,"exp":1769180779}}
{"ts":"2026-01-23T07:16:00.428Z","site":"index.js:login","tokenSample":"eyJhbGciOiJIUzI1NiIs...","payload":{"student_id":"SS9000000","sapid":"S9000000","name":"Vivaan Malhotra","iat":1769152560,"exp":1769181360}}
{"ts":"2026-01-23T07:27:44.546Z","site":"index.js:login","tokenSample":"eyJhbGciOiJIUzI1NiIs...","payload":{"student_id":"S_TEST","sapid":"S9000001","name":"Rohan Khan","iat":1769153264,"exp":1769182064}}
{"ts":"2026-01-23T07:35:13.047Z","site":"index.js:login","tokenSample":"eyJhbGciOiJIUzI1NiIs...","payload":{"student_id":"SS9000001","sapid":"S9000001","name":"Rohan Khan","iat":1769153713,"exp":1769182513}}
{"ts":"2026-01-23T07:36:02.720Z","site":"index.js:login","tokenSample":"eyJhbGciOiJIUzI1NiIs...","payload":{"student_id":"SS9000001","sapid":"S9000001","name":"Rohan Khan","iat":1769153762,"exp":1769182562}}
{"ts":"2026-01-23T07:36:47.407Z","site":"index.js:login","tokenSample":"eyJhbGciOiJIUzI1NiIs...","payload":{"student_id":"SS9000000","sapid":"S9000000","name":"Vivaan Malhotra","iat":1769153807,"exp":1769182607}}
{"ts":"2026-01-23T08:39:38.073Z","site":"index.js:login","tokenSample":"eyJhbGciOiJIUzI1NiIs...","payload":{"student_id":"ST_S9000050","sapid":"S9000050","name":"Rohan Das","iat":1769157578,"exp":1769186378}}
{"ts":"2026-01-23T08:43:32.849Z","site":"index.js:login","tokenSample":"eyJhbGciOiJIUzI1NiIs...","payload":{"student_id":"ST_S9000050","sapid":"S9000050","name":"Rohan Das","iat":1769157812,"exp":1769186612}}
{"ts":"2026-01-23T08:44:57.458Z","site":"index.js:login","tokenSample":"eyJhbGciOiJIUzI1NiIs...","payload":{"student_id":"SS9000000","sapid":"S9000000","name":"Vivaan Malhotra","iat":1769157897,"exp":1769186697}}
{"ts":"2026-01-23T08:45:21.333Z","site":"index.js:login","tokenSample":"eyJhbGciOiJIUzI1NiIs...","payload":{"student_id":"SS9000000","sapid":"S9000000","name":"Vivaan Malhotra","iat":1769157921,"exp":1769186721}}
{"ts":"2026-01-23T08:46:08.514Z","site":"index.js:login","tokenSample":"eyJhbGciOiJIUzI1NiIs...","payload":{"student_id":"SS9000001","sapid":"S9000001","name":"Rohan Khan","iat":1769157968,"exp":1769186768}}
{"ts":"2026-01-23T09:49:11.223Z","site":"index.js:login","tokenSample":"eyJhbGciOiJIUzI1NiIs...","payload":{"student_id":"ST_S9000001","sapid":"S9000001","name":"Rohan Khan","iat":1769161751,"exp":1769190551}}
{"ts":"2026-01-23T10:01:53.614Z","site":"index.js:login","tokenSample":"eyJhbGciOiJIUzI1NiIs...","payload":{"student_id":"ST_S9000001","sapid":"S9000001","name":"Rohan Khan","iat":1769162513,"exp":1769191313}}
