{"ts":"2025-12-11T17:50:57.567Z","body":{"sapid":"50012023","password":"password123"}}
{"ts":"2025-12-11T17:51:50.938Z","body":{"sapid":"50012023","password":"password123"}}
{"ts":"2025-12-11T17:52:09.355Z","body":{"sapid":"50012023","password":"password123"}}
{"ts":"2025-12-11T17:55:09.986Z","body":{"sapid":"50012023","password":"123456"}}
{"ts":"2025-12-11T17:55:17.434Z","body":{"sapid":"50012023","password":"123456"}}
{"ts":"2025-12-11T17:55:39.606Z","body":{"sapid":"50022023","password":"123456"}}
{"ts":"2025-12-11T17:56:22.150Z","body":{"sapid":"50022023","password":"123456"}}
{"ts":"2025-12-11T17:57:46.725Z","body":{"sapid":"50012023","password":"password123"}}
{"ts":"2025-12-11T17:58:37.226Z","body":{"sapid":"50022023","password":"123456"}}
{"ts":"2025-12-11T18:00:56.630Z","body":{"sapid":"50012023","password":"password123"}}
{"ts":"2025-12-11T18:01:44.313Z","body":{"sapid":"50012023","password":"password123"}}
{"ts":"2025-12-12T07:59:18.518Z","body":{"sapid":"50012023","password":"password123"}}
{"ts":"2025-12-12T08:01:30.990Z","body":{"sapid":"50022023","password":"123456"}}
{"ts":"2025-12-12T08:01:47.170Z","body":{"sapid":"50022023","password":"123456"}}
{"ts":"2025-12-12T08:01:57.773Z","body":{"sapid":"50022023","password":"123456"}}
{"ts":"2025-12-12T08:05:08.740Z","body":{"sapid":"50012023","password":"password123"}}
{"ts":"2025-12-12T08:21:25.644Z","body":{"sapid":"50022023","password":"123456"}}
{"ts":"2025-12-12T09:12:42.240Z","body":{"sapid":"90012023 ","password":"password123"}}
{"ts":"2025-12-12T10:23:45.747Z","body":{"sapid":"90012023","password":"password123"}}
{"ts":"2025-12-12T10:33:12.722Z","body":{"sapid":"90012023","password":"password123"}}
{"ts":"2025-12-12T10:36:37.987Z","body":{"sapid":" 90012023","password":"password123"}}
{"ts":"2025-12-12T10:36:42.937Z","body":{"sapid":"90012023","password":"password123"}}
{"ts":"2025-12-12T10:39:07.216Z","body":{"sapid":"90012023","password":"password123"}}
{"ts":"2025-12-12T10:50:13.313Z","body":{"sapid":"90012023","password":"password123"}}
{"ts":"2025-12-12T10:53:31.266Z","body":{"sapid":"90012023","password":"password123"}}
{"ts":"2025-12-12T11:06:22.257Z","body":{"sapid":"90012023 ","password":"password123"}}
{"ts":"2025-12-12T11:06:27.430Z","body":{"sapid":"90012023 ","password":"password123"}}
{"ts":"2025-12-12T11:07:12.369Z","body":{"sapid":"90012023","password":"password123"}}
{"ts":"2025-12-12T11:07:28.766Z","body":{"sapid":"90012023","password":"password123"}}
{"ts":"2025-12-12T11:09:22.609Z","body":{"sapid":"90012023","password":"password123"}}
{"ts":"2025-12-13T04:20:58.236Z","body":{"sapid":"","password":"antigravity"}}
{"ts":"2025-12-13T04:21:10.803Z","body":{"sapid":"antigravity","password":""}}
{"ts":"2025-12-13T04:22:01.966Z","body":{"sapid":"","password":"antigravity"}}
{"ts":"2025-12-13T04:49:02.884Z","body":{"sapid":"95872001","password":"password123"}}
{"ts":"2025-12-13T05:06:01.730Z","body":{"sapid":"95872001","password":"password123"}}
{"ts":"2025-12-13T05:15:58.608Z","body":{"sapid":"95872001","password":"password123"}}
{"ts":"2025-12-13T05:16:14.948Z","body":{"sapid":"95872001","password":"password123"}}
{"ts":"2025-12-13T05:19:18.854Z","body":{"sapid":"95872001","password":"password123"}}
{"ts":"2025-12-13T05:19:46.465Z","body":{"sapid":"90012023","password":"password123"}}
{"ts":"2025-12-13T05:19:57.738Z","body":{"sapid":"90012023","password":"password123"}}
{"ts":"2025-12-13T05:20:47.264Z","body":{"sapid":"90012023","password":"password123"}}
{"ts":"2025-12-13T05:21:28.947Z","body":{"sapid":"90012023","password":"password123"}}
{"ts":"2025-12-13T05:21:39.499Z","body":{"sapid":"95872001","password":"password123"}}
{"ts":"2025-12-13T05:22:29.557Z","body":{"sapid":"95872001","password":"password123"}}
{"ts":"2025-12-13T05:23:21.061Z","body":{"sapid":"95872001","password":"password123"}}
{"ts":"2025-12-13T05:23:58.340Z","body":{"sapid":"95872001","password":"password123"}}
{"ts":"2025-12-13T05:26:05.472Z","body":{"sapid":"95872001","password":"adojdad"}}
{"ts":"2025-12-13T05:26:17.521Z","body":{"sapid":"95872001","password":"password123"}}
{"ts":"2025-12-13T05:28:13.270Z","body":{"sapid":"95872001","password":"password123"}}
{"ts":"2025-12-13T05:28:35.514Z","body":{"sapid":"95872001","password":"password123"}}
{"ts":"2025-12-13T05:30:50.796Z","body":{"sapid":"95872001","password":"password123"}}
{"ts":"2025-12-13T05:31:03.790Z","body":{"sapid":"95872001","password":"password123"}}
{"ts":"2025-12-13T05:32:35.167Z","body":{"sapid":"95872001","password":"password123"}}
{"ts":"2025-12-13T05:33:57.242Z","body":{"sapid":"9587200001","password":"password123"}}
{"ts":"2025-12-13T05:34:02.704Z","body":{"sapid":"95872001","password":"password123"}}
{"ts":"2025-12-13T05:47:20.223Z","body":{"sapid":"95872001","password":"password123"}}
{"ts":"2025-12-13T05:48:31.127Z","body":{"sapid":"90012023","password":"password123"}}
{"ts":"2025-12-13T06:06:00.430Z","body":{"sapid":"95872001","password":"password123"}}
{"ts":"2025-12-13T06:06:25.084Z","body":{"sapid":"90012023","password":"password123"}}
{"ts":"2025-12-13T06:19:06.012Z","body":{"sapid":"95872001","password":"password123"}}
{"ts":"2025-12-13T06:19:42.349Z","body":{"sapid":"90012023","password":"password123"}}
{"ts":"2025-12-13T06:21:52.438Z","body":{"sapid":"90012023","password":"password123"}}
{"ts":"2025-12-13T06:24:13.025Z","body":{"sapid":"95872001","password":"password123"}}
{"ts":"2025-12-13T06:24:42.690Z","body":{"sapid":"90012023","password":"password123"}}
{"ts":"2025-12-13T06:34:40.310Z","body":{"sapid":"90032023","password":"password123"}}
{"ts":"2025-12-13T06:36:50.217Z","body":{"sapid":"90032023","password":"password123"}}
{"ts":"2025-12-13T06:53:46.722Z","body":{"sapid":"90012023","password":"password123"}}
{"ts":"2025-12-13T06:54:12.161Z","body":{"sapid":"95872001","password":"password123"}}
{"ts":"2025-12-13T06:56:22.278Z","body":{"sapid":"90022023","password":"password123"}}
{"ts":"2025-12-13T06:56:51.189Z","body":{"sapid":"90052023","password":"password123"}}
{"ts":"2025-12-13T07:03:05.497Z","body":{"sapid":"90042023","password":"PASSWORD123"}}
{"ts":"2025-12-13T07:03:12.370Z","body":{"sapid":"90042023","password":"PASSWORD123"}}
{"ts":"2025-12-13T07:03:22.224Z","body":{"sapid":"90042023","password":"password123"}}
{"ts":"2025-12-13T07:06:39.152Z","body":{"sapid":"90042023","password":"password"}}
{"ts":"2025-12-13T07:06:43.431Z","body":{"sapid":"90042023","password":"password123"}}
{"ts":"2025-12-13T07:14:27.817Z","body":{"sapid":"90042023","password":"password123"}}
{"ts":"2025-12-13T07:21:54.847Z","body":{"sapid":"90042023","password":"password123"}}
{"ts":"2025-12-13T07:22:29.165Z","body":{"sapid":"95872001","password":"password123"}}
{"ts":"2025-12-13T07:27:47.333Z","body":{"sapid":"90052023","password":"password123"}}
{"ts":"2025-12-13T07:31:41.991Z","body":{"sapid":"90032023 ","password":"password123"}}
{"ts":"2025-12-13T07:32:00.286Z","body":{"sapid":"90062023","password":"password123"}}
{"ts":"2025-12-13T07:40:47.134Z","body":{"sapid":"90012023","password":"password123"}}
{"ts":"2025-12-13T07:43:46.326Z","body":{"sapid":"90020037","password":"password123"}}
{"ts":"2025-12-13T07:49:54.696Z","body":{"sapid":"90020076","password":"password123"}}
{"ts":"2025-12-13T07:51:45.945Z","body":{"sapid":"90020076","password":"password123"}}
{"ts":"2025-12-13T07:57:09.000Z","body":{"sapid":"90020073","password":"password123"}}
{"ts":"2025-12-13T08:05:34.176Z","body":{"sapid":"95872001","password":"password123"}}
{"ts":"2025-12-13T08:32:02.846Z","body":{"sapid":"95872001","password":"password123"}}
{"ts":"2025-12-13T09:03:27.263Z","body":{"sapid":"95872001","password":"password123"}}
{"ts":"2025-12-13T10:58:15.408Z","body":{"sapid":"95872001","password":"password123"}}
{"ts":"2025-12-13T11:39:28.364Z","body":{"sapid":"90020029","password":"password123"}}
{"ts":"2025-12-13T11:39:50.368Z","body":{"sapid":"90020029","password":"devchalabkdjaousf"}}
{"ts":"2025-12-13T11:39:56.597Z","body":{"sapid":"hba7jkagsd","password":"devchalabkdjaousf"}}
{"ts":"2025-12-13T11:40:05.618Z","body":{"sapid":"90020029","password":"password123"}}
{"ts":"2025-12-13T12:03:14.959Z","body":{"sapid":"95872001","password":"password123"}}
{"ts":"2025-12-13T12:06:57.270Z","body":{"sapid":"u23jiu2j3","password":"djnomqwkdlqkwmd"}}
{"ts":"2025-12-13T12:15:08.237Z","body":{"sapid":"u23jiu2j3kdms","password":"djnomqwkdlqkwmd"}}
{"ts":"2025-12-13T12:19:43.596Z","body":{"sapid":"94701978","password":"devchalansu"}}
{"ts":"2025-12-13T12:20:43.311Z","body":{"sapid":"90020046","password":"password123"}}
{"ts":"2025-12-13T12:25:50.455Z","body":{"sapid":"90020046","password":"password123"}}
{"ts":"2025-12-13T12:34:00.512Z","body":{"sapid":"90020083","password":"password123"}}
{"ts":"2025-12-13T12:36:04.740Z","body":{"sapid":"90020083","password":"password123"}}
{"ts":"2025-12-13T12:36:38.269Z","body":{"sapid":"90020083","password":"password123"}}
{"ts":"2025-12-13T12:40:05.575Z","body":{"sapid":"90020083","password":"password123"}}
{"ts":"2025-12-13T12:46:03.335Z","body":{"sapid":"90020045","password":"password123"}}
{"ts":"2025-12-13T15:48:23.178Z","body":{"sapid":"90020016","password":"password123"}}
{"ts":"2025-12-13T15:52:12.535Z","body":{"sapid":"90020041","password":"password123"}}
{"ts":"2025-12-13T15:59:29.952Z","body":{"sapid":"90020024","password":"password123"}}
{"ts":"2025-12-13T16:00:19.749Z","body":{"sapid":"90020024","password":"password123"}}
{"ts":"2025-12-13T16:07:35.899Z","body":{"sapid":"90020024","password":"passwored123"}}
{"ts":"2025-12-13T16:07:41.338Z","body":{"sapid":"90020024","password":"password123"}}
{"ts":"2025-12-13T16:08:40.847Z","body":{"sapid":"90020024","password":"password123"}}
{"ts":"2025-12-13T16:16:56.614Z","body":{"sapid":"90020011","password":"password123"}}
{"ts":"2025-12-14T03:33:10.339Z","body":{"sapid":"90020011","password":"pasword123"}}
{"ts":"2025-12-14T03:33:17.682Z","body":{"sapid":"90020011","password":"password123"}}
{"ts":"2025-12-14T03:33:53.336Z","body":{"sapid":"90020011","password":"password123"}}
{"ts":"2025-12-14T06:43:29.697Z","body":{"sapid":"90020002","password":"password123"}}
{"ts":"2025-12-14T06:44:07.856Z","body":{"sapid":"90020001","password":"password123"}}
{"ts":"2025-12-14T06:48:44.234Z","body":{"sapid":"90020001","password":"password123"}}
{"ts":"2025-12-14T06:52:42.562Z","body":{"sapid":"500121043","password":"password123"}}
{"ts":"2025-12-14T06:53:07.333Z","body":{"sapid":"SAPID-TEST-001","password":"password123"}}
{"ts":"2025-12-14T06:53:11.282Z","body":{"sapid":"SAPID-TEST-001","password":"password123"}}
{"ts":"2025-12-14T06:53:58.092Z","body":{"sapid":"SAPID-TEST-001","password":"password123"}}
{"ts":"2025-12-14T06:54:58.177Z","body":{"sapid":"SAPID-TEST-001","password":"password123"}}
{"ts":"2025-12-14T06:56:01.213Z","body":{"sapid":"90020001","password":"password123"}}
{"ts":"2025-12-14T06:57:37.823Z","body":{"sapid":"90020004","password":"password123"}}
{"ts":"2025-12-14T06:58:49.715Z","body":{"sapid":"90020004","password":"password123"}}
{"ts":"2025-12-14T07:03:54.214Z","body":{"sapid":"90020006","password":"password123"}}
{"ts":"2025-12-14T08:01:21.107Z","body":{"sapid":"90020006","password":"password123"}}
{"ts":"2025-12-14T08:06:03.887Z","body":{"sapid":"90020003","password":"password123"}}
{"ts":"2025-12-14T08:14:12.823Z","body":{"sapid":"90020003","password":"password123"}}
{"ts":"2025-12-14T08:18:56.952Z","body":{"sapid":"90020003","password":"password123"}}
{"ts":"2025-12-14T08:19:30.289Z","body":{"sapid":"90020003","password":"password123"}}
{"ts":"2025-12-14T08:37:10.065Z","body":{"sapid":"90020001","password":"password123"}}
{"ts":"2025-12-14T08:56:57.844Z","body":{"sapid":"90020004","password":"password123"}}
{"ts":"2025-12-14T08:58:13.592Z","body":{"sapid":"90020004","password":"password123"}}
{"ts":"2025-12-14T08:59:04.978Z","body":{"sapid":"90020004","password":"password123"}}
{"ts":"2025-12-14T09:00:22.907Z","body":{"sapid":"90020002","password":"password123"}}
{"ts":"2025-12-14T09:02:12.392Z","body":{"sapid":"90020004","password":"password123"}}
{"ts":"2025-12-14T09:03:24.804Z","body":{"sapid":"90020002","password":"password123"}}
{"ts":"2025-12-14T09:10:08.153Z","body":{"sapid":"90020002","password":"password123"}}
{"ts":"2025-12-14T09:14:14.343Z","body":{"sapid":"90020002","password":"password123"}}
{"ts":"2025-12-14T09:26:25.499Z","body":{"sapid":"90020004","password":"password123"}}
{"ts":"2025-12-14T09:27:21.021Z","body":{"sapid":"90020004","password":"password123"}}
{"ts":"2025-12-14T09:27:52.058Z","body":{"sapid":"90020004","password":"password123"}}
{"ts":"2025-12-14T09:31:34.758Z","body":{"sapid":"90020002","password":"password123"}}
{"ts":"2025-12-14T09:35:27.776Z","body":{"sapid":"90020002","password":"password123"}}
{"ts":"2025-12-14T09:38:43.527Z","body":{"sapid":"90020001","password":"password123"}}
{"ts":"2025-12-14T09:49:03.647Z","body":{"sapid":"90020001","password":"password123"}}
{"ts":"2025-12-14T09:51:16.391Z","body":{"sapid":"90020004","password":"password123"}}
{"ts":"2025-12-14T09:52:33.106Z","body":{"sapid":"90020001","password":"password123"}}
{"ts":"2025-12-14T09:54:08.365Z","body":{"sapid":"90020001","password":"password123"}}
{"ts":"2025-12-14T09:56:20.696Z","body":{"sapid":"90020001","password":"password"}}
{"ts":"2025-12-14T09:56:23.762Z","body":{"sapid":"90020001","password":"password123"}}
{"ts":"2025-12-14T09:57:01.724Z","body":{"sapid":"90020081","password":"password123"}}
{"ts":"2025-12-14T10:07:11.418Z","body":{"sapid":"90020076","password":"password123"}}
{"ts":"2025-12-14T10:07:55.571Z","body":{"sapid":" 90020054","password":"password123"}}
{"ts":"2025-12-14T10:12:57.363Z","body":{"sapid":"90020054","password":"password123"}}
{"ts":"2025-12-14T10:24:35.890Z","body":{"sapid":"90020051","password":"password123"}}
{"ts":"2025-12-14T10:24:57.854Z","body":{"sapid":"90020005","password":"password123"}}
{"ts":"2025-12-14T10:28:17.533Z","body":{"sapid":"90020005","password":"password123"}}
{"ts":"2025-12-14T10:31:13.287Z","body":{"sapid":"90020005","password":"password123"}}
{"ts":"2025-12-14T10:34:13.945Z","body":{"sapid":"90020005","password":"password123"}}
{"ts":"2025-12-14T10:34:23.343Z","body":{"sapid":"90020005","password":"password123"}}
{"ts":"2025-12-14T10:35:41.149Z","body":{"sapid":"90020005","password":"password123"}}
{"ts":"2025-12-14T10:59:13.773Z","body":{"sapid":"90020005","password":"password123"}}
{"ts":"2025-12-14T11:09:22.273Z","body":{"sapid":"90020069","password":"password123"}}
{"ts":"2025-12-14T11:09:49.106Z","body":{"sapid":"90020002","password":"password123"}}
{"ts":"2025-12-14T11:10:32.456Z","body":{"sapid":"90020090","password":"password123"}}
{"ts":"2025-12-14T11:20:01.206Z","body":{"sapid":"90020049","password":"password123"}}
{"ts":"2025-12-14T12:09:50.416Z","body":{"sapid":"7572400109","password":"jj,adhadf"}}
{"ts":"2025-12-14T12:12:21.554Z","body":{"sapid":"90020043","password":"password123"}}
{"ts":"2025-12-14T12:14:41.320Z","body":{"sapid":"90020056","password":"password123"}}
{"ts":"2025-12-14T12:19:04.468Z","body":{"sapid":"90020011","password":"password123"}}
{"ts":"2025-12-14T12:19:35.391Z","body":{"sapid":"90020024","password":"passsword123"}}
{"ts":"2025-12-14T12:19:40.431Z","body":{"sapid":"90020024","password":"password123"}}
{"ts":"2025-12-14T12:56:49.841Z","body":{"sapid":"90020003","password":"password123"}}
{"ts":"2025-12-14T12:58:03.958Z","body":{"sapid":"90020002","password":"password123"}}
{"ts":"2025-12-14T13:06:08.502Z","body":{"sapid":"90020002","password":"password123"}}
{"ts":"2025-12-14T13:08:57.421Z","body":{"sapid":"90020004","password":"password123"}}
{"ts":"2025-12-14T13:09:16.524Z","body":{"sapid":"90020004","password":"password123"}}
{"ts":"2025-12-14T13:10:14.610Z","body":{"sapid":"90020004","password":"password123"}}
{"ts":"2025-12-14T13:10:36.926Z","body":{"sapid":"90020004","password":"password123"}}
{"ts":"2025-12-14T13:12:08.388Z","body":{"sapid":"90020002","password":"password123"}}
{"ts":"2025-12-14T13:16:22.510Z","body":{"sapid":"90020004","password":"password123"}}
{"ts":"2025-12-14T13:24:18.287Z","body":{"sapid":"90020004","password":"password123"}}
{"ts":"2025-12-14T13:25:42.545Z","body":{"sapid":"90020004","password":"password123"}}
{"ts":"2025-12-14T13:26:27.168Z","body":{"sapid":"90020004","password":"password123"}}
{"ts":"2025-12-14T13:33:44.423Z","body":{"sapid":"90020002","password":"password123"}}
{"ts":"2025-12-14T13:35:34.464Z","body":{"sapid":"90020002","password":"password123"}}
{"ts":"2025-12-14T13:39:39.890Z","body":{"sapid":"90020004","password":"password123"}}
{"ts":"2025-12-14T14:50:40.724Z","body":{"sapid":"90020007","password":"password123"}}
{"ts":"2025-12-14T14:55:10.359Z","body":{"sapid":"90020005","password":"password123"}}
{"ts":"2025-12-14T14:55:27.618Z","body":{"sapid":"90020016","password":"password123"}}
{"ts":"2025-12-14T15:00:17.590Z","body":{"sapid":"638353","password":"hdshasda"}}
{"ts":"2025-12-14T15:01:05.116Z","body":{"sapid":"90020012","password":"password123"}}
{"ts":"2025-12-14T15:01:56.601Z","body":{"sapid":"90020011","password":"password123"}}
{"ts":"2025-12-14T15:05:03.714Z","body":{"sapid":"90020009","password":"password123"}}
{"ts":"2025-12-14T15:05:18.462Z","body":{"sapid":"90020091","password":"password123"}}
{"ts":"2025-12-14T15:15:20.673Z","body":{"sapid":"70572400109","password":"paswordxyz"}}
{"ts":"2025-12-14T15:16:55.281Z","body":{"sapid":"90020023","password":"password123"}}
{"ts":"2025-12-14T15:18:09.675Z","body":{"sapid":"90020004","password":"password"}}
{"ts":"2025-12-14T15:18:19.282Z","body":{"sapid":"90020004","password":"password123"}}
{"ts":"2025-12-14T15:21:30.103Z","body":{"sapid":"7363848","password":"dejndkas"}}
{"ts":"2025-12-14T15:22:22.312Z","body":{"sapid":"90020010","password":"password123"}}
{"ts":"2025-12-14T15:23:07.232Z","body":{"sapid":"90020076","password":"password123"}}
{"ts":"2025-12-15T12:34:35.801Z","body":{"sapid":"90030166","password":"password123"}}
{"ts":"2025-12-15T17:44:32.981Z","body":{"sapid":"90030853","password":"password123"}}
{"ts":"2025-12-15T18:09:47.063Z","body":{"sapid":"90030761","password":"password123"}}
{"ts":"2025-12-15T18:26:40.386Z","body":{"sapid":"90030770","password":"PASSWORD123"}}
{"ts":"2025-12-15T18:26:47.233Z","body":{"sapid":"90030770","password":"password123"}}
{"ts":"2025-12-15T18:29:11.264Z","body":{"sapid":"90030770","password":"password123"}}
{"ts":"2025-12-15T19:01:55.741Z","body":{"sapid":"90030762","password":"password123"}}
{"ts":"2025-12-15T19:07:22.775Z","body":{"sapid":"90030001","password":"password123"}}
{"ts":"2025-12-15T19:25:18.195Z","body":{"sapid":"90030002","password":"password123"}}
{"ts":"2025-12-15T19:25:53.329Z","body":{"sapid":"90030770","password":"password123"}}
{"ts":"2025-12-15T19:34:47.539Z","body":{"sapid":"90030504","password":"password123"}}
{"ts":"2025-12-16T06:00:26.456Z","body":{"sapid":"90030002","password":"password123"}}
{"ts":"2025-12-16T06:00:34.211Z","body":{"sapid":"90030002","password":"password123"}}
{"ts":"2025-12-16T06:03:15.932Z","body":{"sapid":"90030002","password":"password123"}}
{"ts":"2025-12-16T06:06:11.630Z","body":{"sapid":"90030002","password":"password123"}}
{"ts":"2025-12-16T06:06:12.583Z","body":{"sapid":"90030002","password":"password123"}}
{"ts":"2025-12-16T06:06:29.775Z","body":{"sapid":"90030002","password":"password123"}}
{"ts":"2025-12-16T06:09:00.608Z","body":{"sapid":"90030002","password":"password123"}}
{"ts":"2025-12-16T06:09:01.636Z","body":{"sapid":"90030002","password":"password123"}}
{"ts":"2025-12-16T06:09:10.346Z","body":{"sapid":"90030002","password":"password123"}}
{"ts":"2025-12-16T06:23:19.433Z","body":{"sapid":"90030002","password":"password123"}}
{"ts":"2025-12-16T06:23:23.654Z","body":{"sapid":"90030002","password":"password123"}}
{"ts":"2025-12-16T06:30:55.030Z","body":{"sapid":"90030002","password":"password123"}}
{"ts":"2025-12-16T06:43:20.702Z","body":{"sapid":"90030002","password":"password123"}}
{"ts":"2025-12-16T06:43:21.608Z","body":{"sapid":"90030002","password":"password123"}}
{"ts":"2025-12-16T06:45:01.624Z","body":{"sapid":"90030002","password":"password123"}}
{"ts":"2026-01-04T17:46:04.738Z","body":{"sapid":"90010002","password":"password123"}}
